<?xml version="1.0"?>
<!DOCTYPE coverage SYSTEM "http://cobertura.sourceforge.net/xml/coverage-04.dtd">

<coverage line-rate="1.0" branch-rate="0.975" lines-covered="73" lines-valid="73" branches-covered="39" branches-valid="40" complexity="2.533333333333333" version="2.1.1" timestamp="1650167600201">
	<sources>
		<source>--source</source>
		<source>C:/Users/nohah/BugHunt/src/main/java</source>
	</sources>
	<packages>
		<package name="AvlTree" line-rate="1.0" branch-rate="0.975" complexity="2.533333333333333">
			<classes>
				<class name="AvlTree.AVLTree" filename="AvlTree/AVLTree.java" line-rate="1.0" branch-rate="0.975" complexity="2.533333333333333">
					<methods>
						<method name="&lt;init&gt;" signature="()V" line-rate="1.0" branch-rate="1.0" complexity="0">
							<lines>
								<line number="3" hits="33" branch="false"/>
							</lines>
						</method>
						<method name="delete" signature="(I)V" line-rate="1.0" branch-rate="1.0" complexity="0">
							<lines>
								<line number="33" hits="69" branch="false"/>
								<line number="34" hits="67" branch="false"/>
							</lines>
						</method>
						<method name="delete" signature="(LAvlTree/AVLTree$Node;I)LAvlTree/AVLTree$Node;" line-rate="1.0" branch-rate="0.9166666666666666" complexity="0">
							<lines>
								<line number="58" hits="144" branch="true" condition-coverage="100% (2/2)">
									<conditions>
										<condition number="0" type="jump" coverage="100%"/>
									</conditions>
								</line>
								<line number="59" hits="51" branch="false"/>
								<line number="60" hits="93" branch="true" condition-coverage="100% (2/2)">
									<conditions>
										<condition number="0" type="jump" coverage="100%"/>
									</conditions>
								</line>
								<line number="61" hits="41" branch="false"/>
								<line number="62" hits="52" branch="true" condition-coverage="100% (2/2)">
									<conditions>
										<condition number="0" type="jump" coverage="100%"/>
									</conditions>
								</line>
								<line number="63" hits="30" branch="false"/>
								<line number="65" hits="22" branch="true" condition-coverage="100% (2/2)">
									<conditions>
										<condition number="0" type="jump" coverage="100%"/>
									</conditions>
								</line>
								<line number="66" hits="17" branch="true" condition-coverage="50% (1/2)">
									<conditions>
										<condition number="0" type="jump" coverage="50%"/>
									</conditions>
								</line>
								<line number="68" hits="5" branch="false"/>
								<line number="69" hits="4" branch="false"/>
								<line number="70" hits="4" branch="false"/>
								<line number="73" hits="92" branch="true" condition-coverage="100% (2/2)">
									<conditions>
										<condition number="0" type="jump" coverage="100%"/>
									</conditions>
								</line>
								<line number="74" hits="77" branch="false"/>
								<line number="76" hits="91" branch="false"/>
							</lines>
						</method>
						<method name="find" signature="(I)LAvlTree/AVLTree$Node;" line-rate="1.0" branch-rate="1.0" complexity="0">
							<lines>
								<line number="18" hits="25" branch="false"/>
								<line number="19" hits="10051" branch="true" condition-coverage="100% (2/2)">
									<conditions>
										<condition number="0" type="jump" coverage="100%"/>
									</conditions>
								</line>
								<line number="20" hits="10035" branch="true" condition-coverage="100% (2/2)">
									<conditions>
										<condition number="0" type="jump" coverage="100%"/>
									</conditions>
								</line>
								<line number="21" hits="9" branch="false"/>
								<line number="23" hits="10026" branch="true" condition-coverage="100% (2/2)">
									<conditions>
										<condition number="0" type="jump" coverage="100%"/>
									</conditions>
								</line>
								<line number="25" hits="24" branch="false"/>
							</lines>
						</method>
						<method name="getBalance" signature="(LAvlTree/AVLTree$Node;)I" line-rate="1.0" branch-rate="1.0" complexity="0">
							<lines>
								<line number="138" hits="180" branch="true" condition-coverage="100% (2/2)">
									<conditions>
										<condition number="0" type="jump" coverage="100%"/>
									</conditions>
								</line>
							</lines>
						</method>
						<method name="getRoot" signature="()LAvlTree/AVLTree$Node;" line-rate="1.0" branch-rate="1.0" complexity="0">
							<lines>
								<line number="37" hits="20" branch="false"/>
							</lines>
						</method>
						<method name="height" signature="()I" line-rate="1.0" branch-rate="1.0" complexity="0">
							<lines>
								<line number="41" hits="31" branch="true" condition-coverage="100% (2/2)">
									<conditions>
										<condition number="0" type="jump" coverage="100%"/>
									</conditions>
								</line>
							</lines>
						</method>
						<method name="height" signature="(LAvlTree/AVLTree$Node;)I" line-rate="1.0" branch-rate="1.0" complexity="0">
							<lines>
								<line number="134" hits="844" branch="true" condition-coverage="100% (2/2)">
									<conditions>
										<condition number="0" type="jump" coverage="100%"/>
									</conditions>
								</line>
							</lines>
						</method>
						<method name="insert" signature="(I)V" line-rate="1.0" branch-rate="1.0" complexity="0">
							<lines>
								<line number="29" hits="97" branch="false"/>
								<line number="30" hits="87" branch="false"/>
							</lines>
						</method>
						<method name="insert" signature="(LAvlTree/AVLTree$Node;I)LAvlTree/AVLTree$Node;" line-rate="1.0" branch-rate="1.0" complexity="0">
							<lines>
								<line number="45" hits="5922" branch="true" condition-coverage="100% (2/2)">
									<conditions>
										<condition number="0" type="jump" coverage="100%"/>
									</conditions>
								</line>
								<line number="46" hits="88" branch="false"/>
								<line number="47" hits="5833" branch="true" condition-coverage="100% (2/2)">
									<conditions>
										<condition number="0" type="jump" coverage="100%"/>
									</conditions>
								</line>
								<line number="48" hits="5788" branch="false"/>
								<line number="49" hits="45" branch="true" condition-coverage="100% (2/2)">
									<conditions>
										<condition number="0" type="jump" coverage="100%"/>
									</conditions>
								</line>
								<line number="50" hits="37" branch="false"/>
								<line number="52" hits="8" branch="false"/>
								<line number="54" hits="92" branch="false"/>
							</lines>
						</method>
						<method name="mostLeftChild" signature="(LAvlTree/AVLTree$Node;)LAvlTree/AVLTree$Node;" line-rate="1.0" branch-rate="1.0" complexity="0">
							<lines>
								<line number="80" hits="5" branch="false"/>
								<line number="82" hits="8" branch="true" condition-coverage="100% (2/2)">
									<conditions>
										<condition number="0" type="jump" coverage="100%"/>
									</conditions>
								</line>
								<line number="83" hits="3" branch="false"/>
								<line number="85" hits="4" branch="false"/>
							</lines>
						</method>
						<method name="rebalance" signature="(LAvlTree/AVLTree$Node;)LAvlTree/AVLTree$Node;" line-rate="1.0" branch-rate="1.0" complexity="0">
							<lines>
								<line number="89" hits="169" branch="false"/>
								<line number="90" hits="169" branch="false"/>
								<line number="91" hits="169" branch="true" condition-coverage="100% (2/2)">
									<conditions>
										<condition number="0" type="jump" coverage="100%"/>
									</conditions>
								</line>
								<line number="92" hits="11" branch="true" condition-coverage="100% (2/2)">
									<conditions>
										<condition number="0" type="jump" coverage="100%"/>
									</conditions>
								</line>
								<line number="93" hits="4" branch="false"/>
								<line number="95" hits="7" branch="false"/>
								<line number="96" hits="5" branch="false"/>
								<line number="98" hits="158" branch="true" condition-coverage="100% (2/2)">
									<conditions>
										<condition number="0" type="jump" coverage="100%"/>
									</conditions>
								</line>
								<line number="99" hits="10" branch="true" condition-coverage="100% (2/2)">
									<conditions>
										<condition number="0" type="jump" coverage="100%"/>
									</conditions>
								</line>
								<line number="100" hits="6" branch="false"/>
								<line number="102" hits="4" branch="false"/>
								<line number="103" hits="4" branch="false"/>
								<line number="106" hits="167" branch="false"/>
							</lines>
						</method>
						<method name="rotateLeft" signature="(LAvlTree/AVLTree$Node;)LAvlTree/AVLTree$Node;" line-rate="1.0" branch-rate="1.0" complexity="0">
							<lines>
								<line number="120" hits="13" branch="false"/>
								<line number="121" hits="13" branch="false"/>
								<line number="122" hits="13" branch="false"/>
								<line number="123" hits="13" branch="false"/>
								<line number="124" hits="13" branch="false"/>
								<line number="125" hits="13" branch="false"/>
								<line number="126" hits="13" branch="false"/>
							</lines>
						</method>
						<method name="rotateRight" signature="(LAvlTree/AVLTree$Node;)LAvlTree/AVLTree$Node;" line-rate="1.0" branch-rate="1.0" complexity="0">
							<lines>
								<line number="110" hits="17" branch="false"/>
								<line number="111" hits="17" branch="false"/>
								<line number="112" hits="15" branch="false"/>
								<line number="113" hits="15" branch="false"/>
								<line number="114" hits="15" branch="false"/>
								<line number="115" hits="15" branch="false"/>
								<line number="116" hits="15" branch="false"/>
							</lines>
						</method>
						<method name="updateHeight" signature="(LAvlTree/AVLTree$Node;)V" line-rate="1.0" branch-rate="1.0" complexity="0">
							<lines>
								<line number="130" hits="225" branch="false"/>
								<line number="131" hits="225" branch="false"/>
							</lines>
						</method>
					</methods>
					<lines>
						<line number="3" hits="33" branch="false"/>
						<line number="18" hits="25" branch="false"/>
						<line number="19" hits="10051" branch="true" condition-coverage="100% (2/2)">
							<conditions>
								<condition number="0" type="jump" coverage="100%"/>
							</conditions>
						</line>
						<line number="20" hits="10035" branch="true" condition-coverage="100% (2/2)">
							<conditions>
								<condition number="0" type="jump" coverage="100%"/>
							</conditions>
						</line>
						<line number="21" hits="9" branch="false"/>
						<line number="23" hits="10026" branch="true" condition-coverage="100% (2/2)">
							<conditions>
								<condition number="0" type="jump" coverage="100%"/>
							</conditions>
						</line>
						<line number="25" hits="24" branch="false"/>
						<line number="29" hits="97" branch="false"/>
						<line number="30" hits="87" branch="false"/>
						<line number="33" hits="69" branch="false"/>
						<line number="34" hits="67" branch="false"/>
						<line number="37" hits="20" branch="false"/>
						<line number="41" hits="31" branch="true" condition-coverage="100% (2/2)">
							<conditions>
								<condition number="0" type="jump" coverage="100%"/>
							</conditions>
						</line>
						<line number="45" hits="5922" branch="true" condition-coverage="100% (2/2)">
							<conditions>
								<condition number="0" type="jump" coverage="100%"/>
							</conditions>
						</line>
						<line number="46" hits="88" branch="false"/>
						<line number="47" hits="5833" branch="true" condition-coverage="100% (2/2)">
							<conditions>
								<condition number="0" type="jump" coverage="100%"/>
							</conditions>
						</line>
						<line number="48" hits="5788" branch="false"/>
						<line number="49" hits="45" branch="true" condition-coverage="100% (2/2)">
							<conditions>
								<condition number="0" type="jump" coverage="100%"/>
							</conditions>
						</line>
						<line number="50" hits="37" branch="false"/>
						<line number="52" hits="8" branch="false"/>
						<line number="54" hits="92" branch="false"/>
						<line number="58" hits="144" branch="true" condition-coverage="100% (2/2)">
							<conditions>
								<condition number="0" type="jump" coverage="100%"/>
							</conditions>
						</line>
						<line number="59" hits="51" branch="false"/>
						<line number="60" hits="93" branch="true" condition-coverage="100% (2/2)">
							<conditions>
								<condition number="0" type="jump" coverage="100%"/>
							</conditions>
						</line>
						<line number="61" hits="41" branch="false"/>
						<line number="62" hits="52" branch="true" condition-coverage="100% (2/2)">
							<conditions>
								<condition number="0" type="jump" coverage="100%"/>
							</conditions>
						</line>
						<line number="63" hits="30" branch="false"/>
						<line number="65" hits="22" branch="true" condition-coverage="100% (2/2)">
							<conditions>
								<condition number="0" type="jump" coverage="100%"/>
							</conditions>
						</line>
						<line number="66" hits="17" branch="true" condition-coverage="50% (1/2)">
							<conditions>
								<condition number="0" type="jump" coverage="50%"/>
							</conditions>
						</line>
						<line number="68" hits="5" branch="false"/>
						<line number="69" hits="4" branch="false"/>
						<line number="70" hits="4" branch="false"/>
						<line number="73" hits="92" branch="true" condition-coverage="100% (2/2)">
							<conditions>
								<condition number="0" type="jump" coverage="100%"/>
							</conditions>
						</line>
						<line number="74" hits="77" branch="false"/>
						<line number="76" hits="91" branch="false"/>
						<line number="80" hits="5" branch="false"/>
						<line number="82" hits="8" branch="true" condition-coverage="100% (2/2)">
							<conditions>
								<condition number="0" type="jump" coverage="100%"/>
							</conditions>
						</line>
						<line number="83" hits="3" branch="false"/>
						<line number="85" hits="4" branch="false"/>
						<line number="89" hits="169" branch="false"/>
						<line number="90" hits="169" branch="false"/>
						<line number="91" hits="169" branch="true" condition-coverage="100% (2/2)">
							<conditions>
								<condition number="0" type="jump" coverage="100%"/>
							</conditions>
						</line>
						<line number="92" hits="11" branch="true" condition-coverage="100% (2/2)">
							<conditions>
								<condition number="0" type="jump" coverage="100%"/>
							</conditions>
						</line>
						<line number="93" hits="4" branch="false"/>
						<line number="95" hits="7" branch="false"/>
						<line number="96" hits="5" branch="false"/>
						<line number="98" hits="158" branch="true" condition-coverage="100% (2/2)">
							<conditions>
								<condition number="0" type="jump" coverage="100%"/>
							</conditions>
						</line>
						<line number="99" hits="10" branch="true" condition-coverage="100% (2/2)">
							<conditions>
								<condition number="0" type="jump" coverage="100%"/>
							</conditions>
						</line>
						<line number="100" hits="6" branch="false"/>
						<line number="102" hits="4" branch="false"/>
						<line number="103" hits="4" branch="false"/>
						<line number="106" hits="167" branch="false"/>
						<line number="110" hits="17" branch="false"/>
						<line number="111" hits="17" branch="false"/>
						<line number="112" hits="15" branch="false"/>
						<line number="113" hits="15" branch="false"/>
						<line number="114" hits="15" branch="false"/>
						<line number="115" hits="15" branch="false"/>
						<line number="116" hits="15" branch="false"/>
						<line number="120" hits="13" branch="false"/>
						<line number="121" hits="13" branch="false"/>
						<line number="122" hits="13" branch="false"/>
						<line number="123" hits="13" branch="false"/>
						<line number="124" hits="13" branch="false"/>
						<line number="125" hits="13" branch="false"/>
						<line number="126" hits="13" branch="false"/>
						<line number="130" hits="225" branch="false"/>
						<line number="131" hits="225" branch="false"/>
						<line number="134" hits="844" branch="true" condition-coverage="100% (2/2)">
							<conditions>
								<condition number="0" type="jump" coverage="100%"/>
							</conditions>
						</line>
						<line number="138" hits="180" branch="true" condition-coverage="100% (2/2)">
							<conditions>
								<condition number="0" type="jump" coverage="100%"/>
							</conditions>
						</line>
					</lines>
				</class>
				<class name="AvlTree.AVLTree$Node" filename="AvlTree/AVLTree.java" line-rate="1.0" branch-rate="1.0" complexity="2.533333333333333">
					<methods>
						<method name="&lt;init&gt;" signature="(LAvlTree/AVLTree;I)V" line-rate="1.0" branch-rate="1.0" complexity="0">
							<lines>
								<line number="10" hits="92" branch="false"/>
								<line number="11" hits="92" branch="false"/>
								<line number="12" hits="92" branch="false"/>
							</lines>
						</method>
					</methods>
					<lines>
						<line number="10" hits="92" branch="false"/>
						<line number="11" hits="92" branch="false"/>
						<line number="12" hits="92" branch="false"/>
					</lines>
				</class>
			</classes>
		</package>
	</packages>
</coverage>
