<?xml version="1.0"?>
<!DOCTYPE coverage SYSTEM "http://cobertura.sourceforge.net/xml/coverage-04.dtd">

<coverage line-rate="1.0" branch-rate="0.975" lines-covered="73" lines-valid="73" branches-covered="39" branches-valid="40" complexity="2.533333333333333" version="2.1.1" timestamp="1650168231275">
	<sources>
		<source>--source</source>
		<source>C:/Users/nohah/BugHunt/src/main/java</source>
	</sources>
	<packages>
		<package name="AvlTree" line-rate="1.0" branch-rate="0.975" complexity="2.533333333333333">
			<classes>
				<class name="AvlTree.AVLTree" filename="AvlTree/AVLTree.java" line-rate="1.0" branch-rate="0.975" complexity="2.533333333333333">
					<methods>
						<method name="&lt;init&gt;" signature="()V" line-rate="1.0" branch-rate="1.0" complexity="0">
							<lines>
								<line number="3" hits="66" branch="false"/>
							</lines>
						</method>
						<method name="delete" signature="(I)V" line-rate="1.0" branch-rate="1.0" complexity="0">
							<lines>
								<line number="33" hits="138" branch="false"/>
								<line number="34" hits="134" branch="false"/>
							</lines>
						</method>
						<method name="delete" signature="(LAvlTree/AVLTree$Node;I)LAvlTree/AVLTree$Node;" line-rate="1.0" branch-rate="0.9166666666666666" complexity="0">
							<lines>
								<line number="58" hits="288" branch="true" condition-coverage="100% (2/2)">
									<conditions>
										<condition number="0" type="jump" coverage="100%"/>
									</conditions>
								</line>
								<line number="59" hits="102" branch="false"/>
								<line number="60" hits="186" branch="true" condition-coverage="100% (2/2)">
									<conditions>
										<condition number="0" type="jump" coverage="100%"/>
									</conditions>
								</line>
								<line number="61" hits="82" branch="false"/>
								<line number="62" hits="104" branch="true" condition-coverage="100% (2/2)">
									<conditions>
										<condition number="0" type="jump" coverage="100%"/>
									</conditions>
								</line>
								<line number="63" hits="60" branch="false"/>
								<line number="65" hits="44" branch="true" condition-coverage="100% (2/2)">
									<conditions>
										<condition number="0" type="jump" coverage="100%"/>
									</conditions>
								</line>
								<line number="66" hits="34" branch="true" condition-coverage="50% (1/2)">
									<conditions>
										<condition number="0" type="jump" coverage="50%"/>
									</conditions>
								</line>
								<line number="68" hits="10" branch="false"/>
								<line number="69" hits="8" branch="false"/>
								<line number="70" hits="8" branch="false"/>
								<line number="73" hits="184" branch="true" condition-coverage="100% (2/2)">
									<conditions>
										<condition number="0" type="jump" coverage="100%"/>
									</conditions>
								</line>
								<line number="74" hits="154" branch="false"/>
								<line number="76" hits="182" branch="false"/>
							</lines>
						</method>
						<method name="find" signature="(I)LAvlTree/AVLTree$Node;" line-rate="1.0" branch-rate="1.0" complexity="0">
							<lines>
								<line number="18" hits="50" branch="false"/>
								<line number="19" hits="20102" branch="true" condition-coverage="100% (2/2)">
									<conditions>
										<condition number="0" type="jump" coverage="100%"/>
									</conditions>
								</line>
								<line number="20" hits="20070" branch="true" condition-coverage="100% (2/2)">
									<conditions>
										<condition number="0" type="jump" coverage="100%"/>
									</conditions>
								</line>
								<line number="21" hits="18" branch="false"/>
								<line number="23" hits="20052" branch="true" condition-coverage="100% (2/2)">
									<conditions>
										<condition number="0" type="jump" coverage="100%"/>
									</conditions>
								</line>
								<line number="25" hits="48" branch="false"/>
							</lines>
						</method>
						<method name="getBalance" signature="(LAvlTree/AVLTree$Node;)I" line-rate="1.0" branch-rate="1.0" complexity="0">
							<lines>
								<line number="138" hits="360" branch="true" condition-coverage="100% (2/2)">
									<conditions>
										<condition number="0" type="jump" coverage="100%"/>
									</conditions>
								</line>
							</lines>
						</method>
						<method name="getRoot" signature="()LAvlTree/AVLTree$Node;" line-rate="1.0" branch-rate="1.0" complexity="0">
							<lines>
								<line number="37" hits="40" branch="false"/>
							</lines>
						</method>
						<method name="height" signature="()I" line-rate="1.0" branch-rate="1.0" complexity="0">
							<lines>
								<line number="41" hits="62" branch="true" condition-coverage="100% (2/2)">
									<conditions>
										<condition number="0" type="jump" coverage="100%"/>
									</conditions>
								</line>
							</lines>
						</method>
						<method name="height" signature="(LAvlTree/AVLTree$Node;)I" line-rate="1.0" branch-rate="1.0" complexity="0">
							<lines>
								<line number="134" hits="1688" branch="true" condition-coverage="100% (2/2)">
									<conditions>
										<condition number="0" type="jump" coverage="100%"/>
									</conditions>
								</line>
							</lines>
						</method>
						<method name="insert" signature="(I)V" line-rate="1.0" branch-rate="1.0" complexity="0">
							<lines>
								<line number="29" hits="194" branch="false"/>
								<line number="30" hits="174" branch="false"/>
							</lines>
						</method>
						<method name="insert" signature="(LAvlTree/AVLTree$Node;I)LAvlTree/AVLTree$Node;" line-rate="1.0" branch-rate="1.0" complexity="0">
							<lines>
								<line number="45" hits="11814" branch="true" condition-coverage="100% (2/2)">
									<conditions>
										<condition number="0" type="jump" coverage="100%"/>
									</conditions>
								</line>
								<line number="46" hits="176" branch="false"/>
								<line number="47" hits="11636" branch="true" condition-coverage="100% (2/2)">
									<conditions>
										<condition number="0" type="jump" coverage="100%"/>
									</conditions>
								</line>
								<line number="48" hits="11546" branch="false"/>
								<line number="49" hits="90" branch="true" condition-coverage="100% (2/2)">
									<conditions>
										<condition number="0" type="jump" coverage="100%"/>
									</conditions>
								</line>
								<line number="50" hits="74" branch="false"/>
								<line number="52" hits="16" branch="false"/>
								<line number="54" hits="184" branch="false"/>
							</lines>
						</method>
						<method name="mostLeftChild" signature="(LAvlTree/AVLTree$Node;)LAvlTree/AVLTree$Node;" line-rate="1.0" branch-rate="1.0" complexity="0">
							<lines>
								<line number="80" hits="10" branch="false"/>
								<line number="82" hits="16" branch="true" condition-coverage="100% (2/2)">
									<conditions>
										<condition number="0" type="jump" coverage="100%"/>
									</conditions>
								</line>
								<line number="83" hits="6" branch="false"/>
								<line number="85" hits="8" branch="false"/>
							</lines>
						</method>
						<method name="rebalance" signature="(LAvlTree/AVLTree$Node;)LAvlTree/AVLTree$Node;" line-rate="1.0" branch-rate="1.0" complexity="0">
							<lines>
								<line number="89" hits="338" branch="false"/>
								<line number="90" hits="338" branch="false"/>
								<line number="91" hits="338" branch="true" condition-coverage="100% (2/2)">
									<conditions>
										<condition number="0" type="jump" coverage="100%"/>
									</conditions>
								</line>
								<line number="92" hits="22" branch="true" condition-coverage="100% (2/2)">
									<conditions>
										<condition number="0" type="jump" coverage="100%"/>
									</conditions>
								</line>
								<line number="93" hits="8" branch="false"/>
								<line number="95" hits="14" branch="false"/>
								<line number="96" hits="10" branch="false"/>
								<line number="98" hits="316" branch="true" condition-coverage="100% (2/2)">
									<conditions>
										<condition number="0" type="jump" coverage="100%"/>
									</conditions>
								</line>
								<line number="99" hits="20" branch="true" condition-coverage="100% (2/2)">
									<conditions>
										<condition number="0" type="jump" coverage="100%"/>
									</conditions>
								</line>
								<line number="100" hits="12" branch="false"/>
								<line number="102" hits="8" branch="false"/>
								<line number="103" hits="8" branch="false"/>
								<line number="106" hits="334" branch="false"/>
							</lines>
						</method>
						<method name="rotateLeft" signature="(LAvlTree/AVLTree$Node;)LAvlTree/AVLTree$Node;" line-rate="1.0" branch-rate="1.0" complexity="0">
							<lines>
								<line number="120" hits="26" branch="false"/>
								<line number="121" hits="26" branch="false"/>
								<line number="122" hits="26" branch="false"/>
								<line number="123" hits="26" branch="false"/>
								<line number="124" hits="26" branch="false"/>
								<line number="125" hits="26" branch="false"/>
								<line number="126" hits="26" branch="false"/>
							</lines>
						</method>
						<method name="rotateRight" signature="(LAvlTree/AVLTree$Node;)LAvlTree/AVLTree$Node;" line-rate="1.0" branch-rate="1.0" complexity="0">
							<lines>
								<line number="110" hits="34" branch="false"/>
								<line number="111" hits="34" branch="false"/>
								<line number="112" hits="30" branch="false"/>
								<line number="113" hits="30" branch="false"/>
								<line number="114" hits="30" branch="false"/>
								<line number="115" hits="30" branch="false"/>
								<line number="116" hits="30" branch="false"/>
							</lines>
						</method>
						<method name="updateHeight" signature="(LAvlTree/AVLTree$Node;)V" line-rate="1.0" branch-rate="1.0" complexity="0">
							<lines>
								<line number="130" hits="450" branch="false"/>
								<line number="131" hits="450" branch="false"/>
							</lines>
						</method>
					</methods>
					<lines>
						<line number="3" hits="66" branch="false"/>
						<line number="18" hits="50" branch="false"/>
						<line number="19" hits="20102" branch="true" condition-coverage="100% (2/2)">
							<conditions>
								<condition number="0" type="jump" coverage="100%"/>
							</conditions>
						</line>
						<line number="20" hits="20070" branch="true" condition-coverage="100% (2/2)">
							<conditions>
								<condition number="0" type="jump" coverage="100%"/>
							</conditions>
						</line>
						<line number="21" hits="18" branch="false"/>
						<line number="23" hits="20052" branch="true" condition-coverage="100% (2/2)">
							<conditions>
								<condition number="0" type="jump" coverage="100%"/>
							</conditions>
						</line>
						<line number="25" hits="48" branch="false"/>
						<line number="29" hits="194" branch="false"/>
						<line number="30" hits="174" branch="false"/>
						<line number="33" hits="138" branch="false"/>
						<line number="34" hits="134" branch="false"/>
						<line number="37" hits="40" branch="false"/>
						<line number="41" hits="62" branch="true" condition-coverage="100% (2/2)">
							<conditions>
								<condition number="0" type="jump" coverage="100%"/>
							</conditions>
						</line>
						<line number="45" hits="11814" branch="true" condition-coverage="100% (2/2)">
							<conditions>
								<condition number="0" type="jump" coverage="100%"/>
							</conditions>
						</line>
						<line number="46" hits="176" branch="false"/>
						<line number="47" hits="11636" branch="true" condition-coverage="100% (2/2)">
							<conditions>
								<condition number="0" type="jump" coverage="100%"/>
							</conditions>
						</line>
						<line number="48" hits="11546" branch="false"/>
						<line number="49" hits="90" branch="true" condition-coverage="100% (2/2)">
							<conditions>
								<condition number="0" type="jump" coverage="100%"/>
							</conditions>
						</line>
						<line number="50" hits="74" branch="false"/>
						<line number="52" hits="16" branch="false"/>
						<line number="54" hits="184" branch="false"/>
						<line number="58" hits="288" branch="true" condition-coverage="100% (2/2)">
							<conditions>
								<condition number="0" type="jump" coverage="100%"/>
							</conditions>
						</line>
						<line number="59" hits="102" branch="false"/>
						<line number="60" hits="186" branch="true" condition-coverage="100% (2/2)">
							<conditions>
								<condition number="0" type="jump" coverage="100%"/>
							</conditions>
						</line>
						<line number="61" hits="82" branch="false"/>
						<line number="62" hits="104" branch="true" condition-coverage="100% (2/2)">
							<conditions>
								<condition number="0" type="jump" coverage="100%"/>
							</conditions>
						</line>
						<line number="63" hits="60" branch="false"/>
						<line number="65" hits="44" branch="true" condition-coverage="100% (2/2)">
							<conditions>
								<condition number="0" type="jump" coverage="100%"/>
							</conditions>
						</line>
						<line number="66" hits="34" branch="true" condition-coverage="50% (1/2)">
							<conditions>
								<condition number="0" type="jump" coverage="50%"/>
							</conditions>
						</line>
						<line number="68" hits="10" branch="false"/>
						<line number="69" hits="8" branch="false"/>
						<line number="70" hits="8" branch="false"/>
						<line number="73" hits="184" branch="true" condition-coverage="100% (2/2)">
							<conditions>
								<condition number="0" type="jump" coverage="100%"/>
							</conditions>
						</line>
						<line number="74" hits="154" branch="false"/>
						<line number="76" hits="182" branch="false"/>
						<line number="80" hits="10" branch="false"/>
						<line number="82" hits="16" branch="true" condition-coverage="100% (2/2)">
							<conditions>
								<condition number="0" type="jump" coverage="100%"/>
							</conditions>
						</line>
						<line number="83" hits="6" branch="false"/>
						<line number="85" hits="8" branch="false"/>
						<line number="89" hits="338" branch="false"/>
						<line number="90" hits="338" branch="false"/>
						<line number="91" hits="338" branch="true" condition-coverage="100% (2/2)">
							<conditions>
								<condition number="0" type="jump" coverage="100%"/>
							</conditions>
						</line>
						<line number="92" hits="22" branch="true" condition-coverage="100% (2/2)">
							<conditions>
								<condition number="0" type="jump" coverage="100%"/>
							</conditions>
						</line>
						<line number="93" hits="8" branch="false"/>
						<line number="95" hits="14" branch="false"/>
						<line number="96" hits="10" branch="false"/>
						<line number="98" hits="316" branch="true" condition-coverage="100% (2/2)">
							<conditions>
								<condition number="0" type="jump" coverage="100%"/>
							</conditions>
						</line>
						<line number="99" hits="20" branch="true" condition-coverage="100% (2/2)">
							<conditions>
								<condition number="0" type="jump" coverage="100%"/>
							</conditions>
						</line>
						<line number="100" hits="12" branch="false"/>
						<line number="102" hits="8" branch="false"/>
						<line number="103" hits="8" branch="false"/>
						<line number="106" hits="334" branch="false"/>
						<line number="110" hits="34" branch="false"/>
						<line number="111" hits="34" branch="false"/>
						<line number="112" hits="30" branch="false"/>
						<line number="113" hits="30" branch="false"/>
						<line number="114" hits="30" branch="false"/>
						<line number="115" hits="30" branch="false"/>
						<line number="116" hits="30" branch="false"/>
						<line number="120" hits="26" branch="false"/>
						<line number="121" hits="26" branch="false"/>
						<line number="122" hits="26" branch="false"/>
						<line number="123" hits="26" branch="false"/>
						<line number="124" hits="26" branch="false"/>
						<line number="125" hits="26" branch="false"/>
						<line number="126" hits="26" branch="false"/>
						<line number="130" hits="450" branch="false"/>
						<line number="131" hits="450" branch="false"/>
						<line number="134" hits="1688" branch="true" condition-coverage="100% (2/2)">
							<conditions>
								<condition number="0" type="jump" coverage="100%"/>
							</conditions>
						</line>
						<line number="138" hits="360" branch="true" condition-coverage="100% (2/2)">
							<conditions>
								<condition number="0" type="jump" coverage="100%"/>
							</conditions>
						</line>
					</lines>
				</class>
				<class name="AvlTree.AVLTree$Node" filename="AvlTree/AVLTree.java" line-rate="1.0" branch-rate="1.0" complexity="2.533333333333333">
					<methods>
						<method name="&lt;init&gt;" signature="(LAvlTree/AVLTree;I)V" line-rate="1.0" branch-rate="1.0" complexity="0">
							<lines>
								<line number="10" hits="184" branch="false"/>
								<line number="11" hits="184" branch="false"/>
								<line number="12" hits="184" branch="false"/>
							</lines>
						</method>
					</methods>
					<lines>
						<line number="10" hits="184" branch="false"/>
						<line number="11" hits="184" branch="false"/>
						<line number="12" hits="184" branch="false"/>
					</lines>
				</class>
			</classes>
		</package>
	</packages>
</coverage>
