-------------------------------------------------------------------------------
Test set: AvlTree.AVLTree_ESTest
-------------------------------------------------------------------------------
Tests run: 32, Failures: 0, Errors: 1, Skipped: 0, Time elapsed: 1.058 sec <<< FAILURE!
test12(AvlTree.AVLTree_ESTest)  Time elapsed: 0.024 sec  <<< ERROR!
java.lang.StackOverflowError
	at AvlTree.AVLTree.insert(AVLTree.java:45)
	at AvlTree.AVLTree.insert(AVLTree.java:48)
	at AvlTree.AVLTree.insert(AVLTree.java:48)
	at AvlTree.AVLTree.insert(AVLTree.java:48)
	at AvlTree.AVLTree.insert(AVLTree.java:48)
	at AvlTree.AVLTree.insert(AVLTree.java:48)
	at AvlTree.AVLTree.insert(AVLTree.java:48)
	at AvlTree.AVLTree.insert(AVLTree.java:48)
	at AvlTree.AVLTree.insert(AVLTree.java:48)
	at AvlTree.AVLTree.insert(AVLTree.java:48)
	at AvlTree.AVLTree.insert(AVLTree.java:48)
	at AvlTree.AVLTree.insert(AVLTree.java:48)
	at AvlTree.AVLTree.insert(AVLTree.java:48)
	at AvlTree.AVLTree.insert(AVLTree.java:48)
	at AvlTree.AVLTree.insert(AVLTree.java:48)
	at AvlTree.AVLTree.insert(AVLTree.java:48)
	at AvlTree.AVLTree.insert(AVLTree.java:48)
	at AvlTree.AVLTree.insert(AVLTree.java:48)
	at AvlTree.AVLTree.insert(AVLTree.java:48)
	at AvlTree.AVLTree.insert(AVLTree.java:48)
	at AvlTree.AVLTree.insert(AVLTree.java:48)
	at AvlTree.AVLTree.insert(AVLTree.java:48)
	at AvlTree.AVLTree.insert(AVLTree.java:48)
	at AvlTree.AVLTree.insert(AVLTree.java:48)
	at AvlTree.AVLTree.insert(AVLTree.java:48)
	at AvlTree.AVLTree.insert(AVLTree.java:48)
	at AvlTree.AVLTree.insert(AVLTree.java:48)
	at AvlTree.AVLTree.insert(AVLTree.java:48)
	at AvlTree.AVLTree.insert(AVLTree.java:48)
	at AvlTree.AVLTree.insert(AVLTree.java:48)
	at AvlTree.AVLTree.insert(AVLTree.java:48)
	at AvlTree.AVLTree.insert(AVLTree.java:48)
	at AvlTree.AVLTree.insert(AVLTree.java:48)
	at AvlTree.AVLTree.insert(AVLTree.java:48)
	at AvlTree.AVLTree.insert(AVLTree.java:48)
	at AvlTree.AVLTree.insert(AVLTree.java:48)
	at AvlTree.AVLTree.insert(AVLTree.java:48)
	at AvlTree.AVLTree.insert(AVLTree.java:48)
	at AvlTree.AVLTree.insert(AVLTree.java:48)
	at AvlTree.AVLTree.insert(AVLTree.java:48)
	at AvlTree.AVLTree.insert(AVLTree.java:48)
	at AvlTree.AVLTree.insert(AVLTree.java:48)
	at AvlTree.AVLTree.insert(AVLTree.java:48)
	at AvlTree.AVLTree.insert(AVLTree.java:48)
	at AvlTree.AVLTree.insert(AVLTree.java:48)
	at AvlTree.AVLTree.insert(AVLTree.java:48)
	at AvlTree.AVLTree.insert(AVLTree.java:48)
	at AvlTree.AVLTree.insert(AVLTree.java:48)
	at AvlTree.AVLTree.insert(AVLTree.java:48)
	at AvlTree.AVLTree.insert(AVLTree.java:48)
	at AvlTree.AVLTree.insert(AVLTree.java:48)
	at AvlTree.AVLTree.insert(AVLTree.java:48)
	at AvlTree.AVLTree.insert(AVLTree.java:48)
	at AvlTree.AVLTree.insert(AVLTree.java:48)
	at AvlTree.AVLTree.insert(AVLTree.java:48)
	at AvlTree.AVLTree.insert(AVLTree.java:48)
	at AvlTree.AVLTree.insert(AVLTree.java:48)
	at AvlTree.AVLTree.insert(AVLTree.java:48)
	at AvlTree.AVLTree.insert(AVLTree.java:48)
	at AvlTree.AVLTree.insert(AVLTree.java:48)
	at AvlTree.AVLTree.insert(AVLTree.java:48)
	at AvlTree.AVLTree.insert(AVLTree.java:48)
	at AvlTree.AVLTree.insert(AVLTree.java:48)
	at AvlTree.AVLTree.insert(AVLTree.java:48)
	at AvlTree.AVLTree.insert(AVLTree.java:48)
	at AvlTree.AVLTree.insert(AVLTree.java:48)
	at AvlTree.AVLTree.insert(AVLTree.java:48)
	at AvlTree.AVLTree.insert(AVLTree.java:48)
	at AvlTree.AVLTree.insert(AVLTree.java:48)
	at AvlTree.AVLTree.insert(AVLTree.java:48)
	at AvlTree.AVLTree.insert(AVLTree.java:48)
	at AvlTree.AVLTree.insert(AVLTree.java:48)
	at AvlTree.AVLTree.insert(AVLTree.java:48)
	at AvlTree.AVLTree.insert(AVLTree.java:48)
	at AvlTree.AVLTree.insert(AVLTree.java:48)
	at AvlTree.AVLTree.insert(AVLTree.java:48)
	at AvlTree.AVLTree.insert(AVLTree.java:48)
	at AvlTree.AVLTree.insert(AVLTree.java:48)
	at AvlTree.AVLTree.insert(AVLTree.java:48)
	at AvlTree.AVLTree.insert(AVLTree.java:48)
	at AvlTree.AVLTree.insert(AVLTree.java:48)
	at AvlTree.AVLTree.insert(AVLTree.java:48)
	at AvlTree.AVLTree.insert(AVLTree.java:48)
	at AvlTree.AVLTree.insert(AVLTree.java:48)
	at AvlTree.AVLTree.insert(AVLTree.java:48)
	at AvlTree.AVLTree.insert(AVLTree.java:48)
	at AvlTree.AVLTree.insert(AVLTree.java:48)
	at AvlTree.AVLTree.insert(AVLTree.java:48)
	at AvlTree.AVLTree.insert(AVLTree.java:48)
	at AvlTree.AVLTree.insert(AVLTree.java:48)
	at AvlTree.AVLTree.insert(AVLTree.java:48)
	at AvlTree.AVLTree.insert(AVLTree.java:48)
	at AvlTree.AVLTree.insert(AVLTree.java:48)
	at AvlTree.AVLTree.insert(AVLTree.java:48)
	at AvlTree.AVLTree.insert(AVLTree.java:48)
	at AvlTree.AVLTree.insert(AVLTree.java:48)
	at AvlTree.AVLTree.insert(AVLTree.java:48)
	at AvlTree.AVLTree.insert(AVLTree.java:48)
	at AvlTree.AVLTree.insert(AVLTree.java:48)
	at AvlTree.AVLTree.insert(AVLTree.java:48)
	at AvlTree.AVLTree.insert(AVLTree.java:48)
	at AvlTree.AVLTree.insert(AVLTree.java:48)
	at AvlTree.AVLTree.insert(AVLTree.java:48)
	at AvlTree.AVLTree.insert(AVLTree.java:48)
	at AvlTree.AVLTree.insert(AVLTree.java:48)
	at AvlTree.AVLTree.insert(AVLTree.java:48)
	at AvlTree.AVLTree.insert(AVLTree.java:48)
	at AvlTree.AVLTree.insert(AVLTree.java:48)
	at AvlTree.AVLTree.insert(AVLTree.java:48)
	at AvlTree.AVLTree.insert(AVLTree.java:48)
	at AvlTree.AVLTree.insert(AVLTree.java:48)
	at AvlTree.AVLTree.insert(AVLTree.java:48)
	at AvlTree.AVLTree.insert(AVLTree.java:48)
	at AvlTree.AVLTree.insert(AVLTree.java:48)
	at AvlTree.AVLTree.insert(AVLTree.java:48)
	at AvlTree.AVLTree.insert(AVLTree.java:48)
	at AvlTree.AVLTree.insert(AVLTree.java:48)
	at AvlTree.AVLTree.insert(AVLTree.java:48)
	at AvlTree.AVLTree.insert(AVLTree.java:48)
	at AvlTree.AVLTree.insert(AVLTree.java:48)
	at AvlTree.AVLTree.insert(AVLTree.java:48)
	at AvlTree.AVLTree.insert(AVLTree.java:48)
	at AvlTree.AVLTree.insert(AVLTree.java:48)
	at AvlTree.AVLTree.insert(AVLTree.java:48)
	at AvlTree.AVLTree.insert(AVLTree.java:48)
	at AvlTree.AVLTree.insert(AVLTree.java:48)
	at AvlTree.AVLTree.insert(AVLTree.java:48)
	at AvlTree.AVLTree.insert(AVLTree.java:48)
	at AvlTree.AVLTree.insert(AVLTree.java:48)
	at AvlTree.AVLTree.insert(AVLTree.java:48)
	at AvlTree.AVLTree.insert(AVLTree.java:48)
	at AvlTree.AVLTree.insert(AVLTree.java:48)
	at AvlTree.AVLTree.insert(AVLTree.java:48)
	at AvlTree.AVLTree.insert(AVLTree.java:48)
	at AvlTree.AVLTree.insert(AVLTree.java:48)
	at AvlTree.AVLTree.insert(AVLTree.java:48)
	at AvlTree.AVLTree.insert(AVLTree.java:48)
	at AvlTree.AVLTree.insert(AVLTree.java:48)
	at AvlTree.AVLTree.insert(AVLTree.java:48)
	at AvlTree.AVLTree.insert(AVLTree.java:48)
	at AvlTree.AVLTree.insert(AVLTree.java:48)
	at AvlTree.AVLTree.insert(AVLTree.java:48)
	at AvlTree.AVLTree.insert(AVLTree.java:48)
	at AvlTree.AVLTree.insert(AVLTree.java:48)
	at AvlTree.AVLTree.insert(AVLTree.java:48)
	at AvlTree.AVLTree.insert(AVLTree.java:48)
	at AvlTree.AVLTree.insert(AVLTree.java:48)
	at AvlTree.AVLTree.insert(AVLTree.java:48)
	at AvlTree.AVLTree.insert(AVLTree.java:48)
	at AvlTree.AVLTree.insert(AVLTree.java:48)
	at AvlTree.AVLTree.insert(AVLTree.java:48)
	at AvlTree.AVLTree.insert(AVLTree.java:48)
	at AvlTree.AVLTree.insert(AVLTree.java:48)
	at AvlTree.AVLTree.insert(AVLTree.java:48)
	at AvlTree.AVLTree.insert(AVLTree.java:48)
	at AvlTree.AVLTree.insert(AVLTree.java:48)
	at AvlTree.AVLTree.insert(AVLTree.java:48)
	at AvlTree.AVLTree.insert(AVLTree.java:48)
	at AvlTree.AVLTree.insert(AVLTree.java:48)
	at AvlTree.AVLTree.insert(AVLTree.java:48)
	at AvlTree.AVLTree.insert(AVLTree.java:48)
	at AvlTree.AVLTree.insert(AVLTree.java:48)
	at AvlTree.AVLTree.insert(AVLTree.java:48)
	at AvlTree.AVLTree.insert(AVLTree.java:48)
	at AvlTree.AVLTree.insert(AVLTree.java:48)
	at AvlTree.AVLTree.insert(AVLTree.java:48)
	at AvlTree.AVLTree.insert(AVLTree.java:48)
	at AvlTree.AVLTree.insert(AVLTree.java:48)
	at AvlTree.AVLTree.insert(AVLTree.java:48)
	at AvlTree.AVLTree.insert(AVLTree.java:48)
	at AvlTree.AVLTree.insert(AVLTree.java:48)
	at AvlTree.AVLTree.insert(AVLTree.java:48)
	at AvlTree.AVLTree.insert(AVLTree.java:48)
	at AvlTree.AVLTree.insert(AVLTree.java:48)
	at AvlTree.AVLTree.insert(AVLTree.java:48)
	at AvlTree.AVLTree.insert(AVLTree.java:48)
	at AvlTree.AVLTree.insert(AVLTree.java:48)
	at AvlTree.AVLTree.insert(AVLTree.java:48)
	at AvlTree.AVLTree.insert(AVLTree.java:48)
	at AvlTree.AVLTree.insert(AVLTree.java:48)
	at AvlTree.AVLTree.insert(AVLTree.java:48)
	at AvlTree.AVLTree.insert(AVLTree.java:48)
	at AvlTree.AVLTree.insert(AVLTree.java:48)
	at AvlTree.AVLTree.insert(AVLTree.java:48)
	at AvlTree.AVLTree.insert(AVLTree.java:48)
	at AvlTree.AVLTree.insert(AVLTree.java:48)
	at AvlTree.AVLTree.insert(AVLTree.java:48)
	at AvlTree.AVLTree.insert(AVLTree.java:48)
	at AvlTree.AVLTree.insert(AVLTree.java:48)
	at AvlTree.AVLTree.insert(AVLTree.java:48)
	at AvlTree.AVLTree.insert(AVLTree.java:48)
	at AvlTree.AVLTree.insert(AVLTree.java:48)
	at AvlTree.AVLTree.insert(AVLTree.java:48)
	at AvlTree.AVLTree.insert(AVLTree.java:48)
	at AvlTree.AVLTree.insert(AVLTree.java:48)
	at AvlTree.AVLTree.insert(AVLTree.java:48)
	at AvlTree.AVLTree.insert(AVLTree.java:48)
	at AvlTree.AVLTree.insert(AVLTree.java:48)
	at AvlTree.AVLTree.insert(AVLTree.java:48)
	at AvlTree.AVLTree.insert(AVLTree.java:48)
	at AvlTree.AVLTree.insert(AVLTree.java:48)
	at AvlTree.AVLTree.insert(AVLTree.java:48)
	at AvlTree.AVLTree.insert(AVLTree.java:48)
	at AvlTree.AVLTree.insert(AVLTree.java:48)
	at AvlTree.AVLTree.insert(AVLTree.java:48)
	at AvlTree.AVLTree.insert(AVLTree.java:48)
	at AvlTree.AVLTree.insert(AVLTree.java:48)
	at AvlTree.AVLTree.insert(AVLTree.java:48)
	at AvlTree.AVLTree.insert(AVLTree.java:48)
	at AvlTree.AVLTree.insert(AVLTree.java:48)
	at AvlTree.AVLTree.insert(AVLTree.java:48)
	at AvlTree.AVLTree.insert(AVLTree.java:48)
	at AvlTree.AVLTree.insert(AVLTree.java:48)
	at AvlTree.AVLTree.insert(AVLTree.java:48)
	at AvlTree.AVLTree.insert(AVLTree.java:48)
	at AvlTree.AVLTree.insert(AVLTree.java:48)
	at AvlTree.AVLTree.insert(AVLTree.java:48)
	at AvlTree.AVLTree.insert(AVLTree.java:48)
	at AvlTree.AVLTree.insert(AVLTree.java:48)
	at AvlTree.AVLTree.insert(AVLTree.java:48)
	at AvlTree.AVLTree.insert(AVLTree.java:48)
	at AvlTree.AVLTree.insert(AVLTree.java:48)
	at AvlTree.AVLTree.insert(AVLTree.java:48)
	at AvlTree.AVLTree.insert(AVLTree.java:48)
	at AvlTree.AVLTree.insert(AVLTree.java:48)
	at AvlTree.AVLTree.insert(AVLTree.java:48)
	at AvlTree.AVLTree.insert(AVLTree.java:48)
	at AvlTree.AVLTree.insert(AVLTree.java:48)
	at AvlTree.AVLTree.insert(AVLTree.java:48)
	at AvlTree.AVLTree.insert(AVLTree.java:48)
	at AvlTree.AVLTree.insert(AVLTree.java:48)
	at AvlTree.AVLTree.insert(AVLTree.java:48)
	at AvlTree.AVLTree.insert(AVLTree.java:48)
	at AvlTree.AVLTree.insert(AVLTree.java:48)
	at AvlTree.AVLTree.insert(AVLTree.java:48)
	at AvlTree.AVLTree.insert(AVLTree.java:48)
	at AvlTree.AVLTree.insert(AVLTree.java:48)
	at AvlTree.AVLTree.insert(AVLTree.java:48)
	at AvlTree.AVLTree.insert(AVLTree.java:48)
	at AvlTree.AVLTree.insert(AVLTree.java:48)
	at AvlTree.AVLTree.insert(AVLTree.java:48)
	at AvlTree.AVLTree.insert(AVLTree.java:48)
	at AvlTree.AVLTree.insert(AVLTree.java:48)
	at AvlTree.AVLTree.insert(AVLTree.java:48)
	at AvlTree.AVLTree.insert(AVLTree.java:48)
	at AvlTree.AVLTree.insert(AVLTree.java:48)
	at AvlTree.AVLTree.insert(AVLTree.java:48)
	at AvlTree.AVLTree.insert(AVLTree.java:48)
	at AvlTree.AVLTree.insert(AVLTree.java:48)
	at AvlTree.AVLTree.insert(AVLTree.java:48)
	at AvlTree.AVLTree.insert(AVLTree.java:48)
	at AvlTree.AVLTree.insert(AVLTree.java:48)
	at AvlTree.AVLTree.insert(AVLTree.java:48)
	at AvlTree.AVLTree.insert(AVLTree.java:48)
	at AvlTree.AVLTree.insert(AVLTree.java:48)
	at AvlTree.AVLTree.insert(AVLTree.java:48)
	at AvlTree.AVLTree.insert(AVLTree.java:48)
	at AvlTree.AVLTree.insert(AVLTree.java:48)
	at AvlTree.AVLTree.insert(AVLTree.java:48)
	at AvlTree.AVLTree.insert(AVLTree.java:48)
	at AvlTree.AVLTree.insert(AVLTree.java:48)
	at AvlTree.AVLTree.insert(AVLTree.java:48)
	at AvlTree.AVLTree.insert(AVLTree.java:48)
	at AvlTree.AVLTree.insert(AVLTree.java:48)
	at AvlTree.AVLTree.insert(AVLTree.java:48)
	at AvlTree.AVLTree.insert(AVLTree.java:48)
	at AvlTree.AVLTree.insert(AVLTree.java:48)
	at AvlTree.AVLTree.insert(AVLTree.java:48)
	at AvlTree.AVLTree.insert(AVLTree.java:48)
	at AvlTree.AVLTree.insert(AVLTree.java:48)
	at AvlTree.AVLTree.insert(AVLTree.java:48)
	at AvlTree.AVLTree.insert(AVLTree.java:48)
	at AvlTree.AVLTree.insert(AVLTree.java:48)
	at AvlTree.AVLTree.insert(AVLTree.java:48)
	at AvlTree.AVLTree.insert(AVLTree.java:48)
	at AvlTree.AVLTree.insert(AVLTree.java:48)
	at AvlTree.AVLTree.insert(AVLTree.java:48)
	at AvlTree.AVLTree.insert(AVLTree.java:48)
	at AvlTree.AVLTree.insert(AVLTree.java:48)
	at AvlTree.AVLTree.insert(AVLTree.java:48)
	at AvlTree.AVLTree.insert(AVLTree.java:48)
	at AvlTree.AVLTree.insert(AVLTree.java:48)
	at AvlTree.AVLTree.insert(AVLTree.java:48)
	at AvlTree.AVLTree.insert(AVLTree.java:48)
	at AvlTree.AVLTree.insert(AVLTree.java:48)
	at AvlTree.AVLTree.insert(AVLTree.java:48)
	at AvlTree.AVLTree.insert(AVLTree.java:48)
	at AvlTree.AVLTree.insert(AVLTree.java:48)
	at AvlTree.AVLTree.insert(AVLTree.java:48)
	at AvlTree.AVLTree.insert(AVLTree.java:48)
	at AvlTree.AVLTree.insert(AVLTree.java:48)
	at AvlTree.AVLTree.insert(AVLTree.java:48)
	at AvlTree.AVLTree.insert(AVLTree.java:48)
	at AvlTree.AVLTree.insert(AVLTree.java:48)
	at AvlTree.AVLTree.insert(AVLTree.java:48)
	at AvlTree.AVLTree.insert(AVLTree.java:48)
	at AvlTree.AVLTree.insert(AVLTree.java:48)
	at AvlTree.AVLTree.insert(AVLTree.java:48)
	at AvlTree.AVLTree.insert(AVLTree.java:48)
	at AvlTree.AVLTree.insert(AVLTree.java:48)
	at AvlTree.AVLTree.insert(AVLTree.java:48)
	at AvlTree.AVLTree.insert(AVLTree.java:48)
	at AvlTree.AVLTree.insert(AVLTree.java:48)
	at AvlTree.AVLTree.insert(AVLTree.java:48)
	at AvlTree.AVLTree.insert(AVLTree.java:48)
	at AvlTree.AVLTree.insert(AVLTree.java:48)
	at AvlTree.AVLTree.insert(AVLTree.java:48)
	at AvlTree.AVLTree.insert(AVLTree.java:48)
	at AvlTree.AVLTree.insert(AVLTree.java:48)
	at AvlTree.AVLTree.insert(AVLTree.java:48)
	at AvlTree.AVLTree.insert(AVLTree.java:48)
	at AvlTree.AVLTree.insert(AVLTree.java:48)
	at AvlTree.AVLTree.insert(AVLTree.java:48)
	at AvlTree.AVLTree.insert(AVLTree.java:48)
	at AvlTree.AVLTree.insert(AVLTree.java:48)
	at AvlTree.AVLTree.insert(AVLTree.java:48)
	at AvlTree.AVLTree.insert(AVLTree.java:48)
	at AvlTree.AVLTree.insert(AVLTree.java:48)
	at AvlTree.AVLTree.insert(AVLTree.java:48)
	at AvlTree.AVLTree.insert(AVLTree.java:48)
	at AvlTree.AVLTree.insert(AVLTree.java:48)
	at AvlTree.AVLTree.insert(AVLTree.java:48)
	at AvlTree.AVLTree.insert(AVLTree.java:48)
	at AvlTree.AVLTree.insert(AVLTree.java:48)
	at AvlTree.AVLTree.insert(AVLTree.java:48)
	at AvlTree.AVLTree.insert(AVLTree.java:48)
	at AvlTree.AVLTree.insert(AVLTree.java:48)
	at AvlTree.AVLTree.insert(AVLTree.java:48)
	at AvlTree.AVLTree.insert(AVLTree.java:48)
	at AvlTree.AVLTree.insert(AVLTree.java:48)
	at AvlTree.AVLTree.insert(AVLTree.java:48)
	at AvlTree.AVLTree.insert(AVLTree.java:48)
	at AvlTree.AVLTree.insert(AVLTree.java:48)
	at AvlTree.AVLTree.insert(AVLTree.java:48)
	at AvlTree.AVLTree.insert(AVLTree.java:48)
	at AvlTree.AVLTree.insert(AVLTree.java:48)
	at AvlTree.AVLTree.insert(AVLTree.java:48)
	at AvlTree.AVLTree.insert(AVLTree.java:48)
	at AvlTree.AVLTree.insert(AVLTree.java:48)
	at AvlTree.AVLTree.insert(AVLTree.java:48)
	at AvlTree.AVLTree.insert(AVLTree.java:48)
	at AvlTree.AVLTree.insert(AVLTree.java:48)
	at AvlTree.AVLTree.insert(AVLTree.java:48)
	at AvlTree.AVLTree.insert(AVLTree.java:48)
	at AvlTree.AVLTree.insert(AVLTree.java:48)
	at AvlTree.AVLTree.insert(AVLTree.java:48)
	at AvlTree.AVLTree.insert(AVLTree.java:48)
	at AvlTree.AVLTree.insert(AVLTree.java:48)
	at AvlTree.AVLTree.insert(AVLTree.java:48)
	at AvlTree.AVLTree.insert(AVLTree.java:48)
	at AvlTree.AVLTree.insert(AVLTree.java:48)
	at AvlTree.AVLTree.insert(AVLTree.java:48)
	at AvlTree.AVLTree.insert(AVLTree.java:48)
	at AvlTree.AVLTree.insert(AVLTree.java:48)
	at AvlTree.AVLTree.insert(AVLTree.java:48)
	at AvlTree.AVLTree.insert(AVLTree.java:48)
	at AvlTree.AVLTree.insert(AVLTree.java:48)
	at AvlTree.AVLTree.insert(AVLTree.java:48)
	at AvlTree.AVLTree.insert(AVLTree.java:48)
	at AvlTree.AVLTree.insert(AVLTree.java:48)
	at AvlTree.AVLTree.insert(AVLTree.java:48)
	at AvlTree.AVLTree.insert(AVLTree.java:48)
	at AvlTree.AVLTree.insert(AVLTree.java:48)
	at AvlTree.AVLTree.insert(AVLTree.java:48)
	at AvlTree.AVLTree.insert(AVLTree.java:48)
	at AvlTree.AVLTree.insert(AVLTree.java:48)
	at AvlTree.AVLTree.insert(AVLTree.java:48)
	at AvlTree.AVLTree.insert(AVLTree.java:48)
	at AvlTree.AVLTree.insert(AVLTree.java:48)
	at AvlTree.AVLTree.insert(AVLTree.java:48)
	at AvlTree.AVLTree.insert(AVLTree.java:48)
	at AvlTree.AVLTree.insert(AVLTree.java:48)
	at AvlTree.AVLTree.insert(AVLTree.java:48)
	at AvlTree.AVLTree.insert(AVLTree.java:48)
	at AvlTree.AVLTree.insert(AVLTree.java:48)
	at AvlTree.AVLTree.insert(AVLTree.java:48)
	at AvlTree.AVLTree.insert(AVLTree.java:48)
	at AvlTree.AVLTree.insert(AVLTree.java:48)
	at AvlTree.AVLTree.insert(AVLTree.java:48)
	at AvlTree.AVLTree.insert(AVLTree.java:48)
	at AvlTree.AVLTree.insert(AVLTree.java:48)
	at AvlTree.AVLTree.insert(AVLTree.java:48)
	at AvlTree.AVLTree.insert(AVLTree.java:48)
	at AvlTree.AVLTree.insert(AVLTree.java:48)
	at AvlTree.AVLTree.insert(AVLTree.java:48)
	at AvlTree.AVLTree.insert(AVLTree.java:48)
	at AvlTree.AVLTree.insert(AVLTree.java:48)
	at AvlTree.AVLTree.insert(AVLTree.java:48)
	at AvlTree.AVLTree.insert(AVLTree.java:48)
	at AvlTree.AVLTree.insert(AVLTree.java:48)
	at AvlTree.AVLTree.insert(AVLTree.java:48)
	at AvlTree.AVLTree.insert(AVLTree.java:48)
	at AvlTree.AVLTree.insert(AVLTree.java:48)
	at AvlTree.AVLTree.insert(AVLTree.java:48)
	at AvlTree.AVLTree.insert(AVLTree.java:48)
	at AvlTree.AVLTree.insert(AVLTree.java:48)
	at AvlTree.AVLTree.insert(AVLTree.java:48)
	at AvlTree.AVLTree.insert(AVLTree.java:48)
	at AvlTree.AVLTree.insert(AVLTree.java:48)
	at AvlTree.AVLTree.insert(AVLTree.java:48)
	at AvlTree.AVLTree.insert(AVLTree.java:48)
	at AvlTree.AVLTree.insert(AVLTree.java:48)
	at AvlTree.AVLTree.insert(AVLTree.java:48)
	at AvlTree.AVLTree.insert(AVLTree.java:48)
	at AvlTree.AVLTree.insert(AVLTree.java:48)
	at AvlTree.AVLTree.insert(AVLTree.java:48)
	at AvlTree.AVLTree.insert(AVLTree.java:48)
	at AvlTree.AVLTree.insert(AVLTree.java:48)
	at AvlTree.AVLTree.insert(AVLTree.java:48)
	at AvlTree.AVLTree.insert(AVLTree.java:48)
	at AvlTree.AVLTree.insert(AVLTree.java:48)
	at AvlTree.AVLTree.insert(AVLTree.java:48)
	at AvlTree.AVLTree.insert(AVLTree.java:48)
	at AvlTree.AVLTree.insert(AVLTree.java:48)
	at AvlTree.AVLTree.insert(AVLTree.java:48)
	at AvlTree.AVLTree.insert(AVLTree.java:48)
	at AvlTree.AVLTree.insert(AVLTree.java:48)
	at AvlTree.AVLTree.insert(AVLTree.java:48)
	at AvlTree.AVLTree.insert(AVLTree.java:48)
	at AvlTree.AVLTree.insert(AVLTree.java:48)
	at AvlTree.AVLTree.insert(AVLTree.java:48)
	at AvlTree.AVLTree.insert(AVLTree.java:48)
	at AvlTree.AVLTree.insert(AVLTree.java:48)
	at AvlTree.AVLTree.insert(AVLTree.java:48)
	at AvlTree.AVLTree.insert(AVLTree.java:48)
	at AvlTree.AVLTree.insert(AVLTree.java:48)
	at AvlTree.AVLTree.insert(AVLTree.java:48)
	at AvlTree.AVLTree.insert(AVLTree.java:48)
	at AvlTree.AVLTree.insert(AVLTree.java:48)
	at AvlTree.AVLTree.insert(AVLTree.java:48)
	at AvlTree.AVLTree.insert(AVLTree.java:48)
	at AvlTree.AVLTree.insert(AVLTree.java:48)
	at AvlTree.AVLTree.insert(AVLTree.java:48)
	at AvlTree.AVLTree.insert(AVLTree.java:48)
	at AvlTree.AVLTree.insert(AVLTree.java:48)
	at AvlTree.AVLTree.insert(AVLTree.java:48)
	at AvlTree.AVLTree.insert(AVLTree.java:48)
	at AvlTree.AVLTree.insert(AVLTree.java:48)
	at AvlTree.AVLTree.insert(AVLTree.java:48)
	at AvlTree.AVLTree.insert(AVLTree.java:48)
	at AvlTree.AVLTree.insert(AVLTree.java:48)
	at AvlTree.AVLTree.insert(AVLTree.java:48)
	at AvlTree.AVLTree.insert(AVLTree.java:48)
	at AvlTree.AVLTree.insert(AVLTree.java:48)
	at AvlTree.AVLTree.insert(AVLTree.java:48)
	at AvlTree.AVLTree.insert(AVLTree.java:48)
	at AvlTree.AVLTree.insert(AVLTree.java:48)
	at AvlTree.AVLTree.insert(AVLTree.java:48)
	at AvlTree.AVLTree.insert(AVLTree.java:48)
	at AvlTree.AVLTree.insert(AVLTree.java:48)
	at AvlTree.AVLTree.insert(AVLTree.java:48)
	at AvlTree.AVLTree.insert(AVLTree.java:48)
	at AvlTree.AVLTree.insert(AVLTree.java:48)
	at AvlTree.AVLTree.insert(AVLTree.java:48)
	at AvlTree.AVLTree.insert(AVLTree.java:48)
	at AvlTree.AVLTree.insert(AVLTree.java:48)
	at AvlTree.AVLTree.insert(AVLTree.java:48)
	at AvlTree.AVLTree.insert(AVLTree.java:48)
	at AvlTree.AVLTree.insert(AVLTree.java:48)
	at AvlTree.AVLTree.insert(AVLTree.java:48)
	at AvlTree.AVLTree.insert(AVLTree.java:48)
	at AvlTree.AVLTree.insert(AVLTree.java:48)
	at AvlTree.AVLTree.insert(AVLTree.java:48)
	at AvlTree.AVLTree.insert(AVLTree.java:48)
	at AvlTree.AVLTree.insert(AVLTree.java:48)
	at AvlTree.AVLTree.insert(AVLTree.java:48)
	at AvlTree.AVLTree.insert(AVLTree.java:48)
	at AvlTree.AVLTree.insert(AVLTree.java:48)
	at AvlTree.AVLTree.insert(AVLTree.java:48)
	at AvlTree.AVLTree.insert(AVLTree.java:48)
	at AvlTree.AVLTree.insert(AVLTree.java:48)
	at AvlTree.AVLTree.insert(AVLTree.java:48)
	at AvlTree.AVLTree.insert(AVLTree.java:48)
	at AvlTree.AVLTree.insert(AVLTree.java:48)
	at AvlTree.AVLTree.insert(AVLTree.java:48)
	at AvlTree.AVLTree.insert(AVLTree.java:48)
	at AvlTree.AVLTree.insert(AVLTree.java:48)
	at AvlTree.AVLTree.insert(AVLTree.java:48)
	at AvlTree.AVLTree.insert(AVLTree.java:48)
	at AvlTree.AVLTree.insert(AVLTree.java:48)
	at AvlTree.AVLTree.insert(AVLTree.java:48)
	at AvlTree.AVLTree.insert(AVLTree.java:48)
	at AvlTree.AVLTree.insert(AVLTree.java:48)
	at AvlTree.AVLTree.insert(AVLTree.java:48)
	at AvlTree.AVLTree.insert(AVLTree.java:48)
	at AvlTree.AVLTree.insert(AVLTree.java:48)
	at AvlTree.AVLTree.insert(AVLTree.java:48)
	at AvlTree.AVLTree.insert(AVLTree.java:48)
	at AvlTree.AVLTree.insert(AVLTree.java:48)
	at AvlTree.AVLTree.insert(AVLTree.java:48)
	at AvlTree.AVLTree.insert(AVLTree.java:48)
	at AvlTree.AVLTree.insert(AVLTree.java:48)
	at AvlTree.AVLTree.insert(AVLTree.java:48)
	at AvlTree.AVLTree.insert(AVLTree.java:48)
	at AvlTree.AVLTree.insert(AVLTree.java:48)
	at AvlTree.AVLTree.insert(AVLTree.java:48)
	at AvlTree.AVLTree.insert(AVLTree.java:48)
	at AvlTree.AVLTree.insert(AVLTree.java:48)
	at AvlTree.AVLTree.insert(AVLTree.java:48)
	at AvlTree.AVLTree.insert(AVLTree.java:48)
	at AvlTree.AVLTree.insert(AVLTree.java:48)
	at AvlTree.AVLTree.insert(AVLTree.java:48)
	at AvlTree.AVLTree.insert(AVLTree.java:48)
	at AvlTree.AVLTree.insert(AVLTree.java:48)
	at AvlTree.AVLTree.insert(AVLTree.java:48)
	at AvlTree.AVLTree.insert(AVLTree.java:48)
	at AvlTree.AVLTree.insert(AVLTree.java:48)
	at AvlTree.AVLTree.insert(AVLTree.java:48)
	at AvlTree.AVLTree.insert(AVLTree.java:48)
	at AvlTree.AVLTree.insert(AVLTree.java:48)
	at AvlTree.AVLTree.insert(AVLTree.java:48)
	at AvlTree.AVLTree.insert(AVLTree.java:48)
	at AvlTree.AVLTree.insert(AVLTree.java:48)
	at AvlTree.AVLTree.insert(AVLTree.java:48)
	at AvlTree.AVLTree.insert(AVLTree.java:48)
	at AvlTree.AVLTree.insert(AVLTree.java:48)
	at AvlTree.AVLTree.insert(AVLTree.java:48)
	at AvlTree.AVLTree.insert(AVLTree.java:48)
	at AvlTree.AVLTree.insert(AVLTree.java:48)
	at AvlTree.AVLTree.insert(AVLTree.java:48)
	at AvlTree.AVLTree.insert(AVLTree.java:48)
	at AvlTree.AVLTree.insert(AVLTree.java:48)
	at AvlTree.AVLTree.insert(AVLTree.java:48)
	at AvlTree.AVLTree.insert(AVLTree.java:48)
	at AvlTree.AVLTree.insert(AVLTree.java:48)
	at AvlTree.AVLTree.insert(AVLTree.java:48)
	at AvlTree.AVLTree.insert(AVLTree.java:48)
	at AvlTree.AVLTree.insert(AVLTree.java:48)
	at AvlTree.AVLTree.insert(AVLTree.java:48)
	at AvlTree.AVLTree.insert(AVLTree.java:48)
	at AvlTree.AVLTree.insert(AVLTree.java:48)
	at AvlTree.AVLTree.insert(AVLTree.java:48)
	at AvlTree.AVLTree.insert(AVLTree.java:48)
	at AvlTree.AVLTree.insert(AVLTree.java:48)
	at AvlTree.AVLTree.insert(AVLTree.java:48)
	at AvlTree.AVLTree.insert(AVLTree.java:48)
	at AvlTree.AVLTree.insert(AVLTree.java:48)
	at AvlTree.AVLTree.insert(AVLTree.java:48)
	at AvlTree.AVLTree.insert(AVLTree.java:48)
	at AvlTree.AVLTree.insert(AVLTree.java:48)
	at AvlTree.AVLTree.insert(AVLTree.java:48)
	at AvlTree.AVLTree.insert(AVLTree.java:48)
	at AvlTree.AVLTree.insert(AVLTree.java:48)
	at AvlTree.AVLTree.insert(AVLTree.java:48)
	at AvlTree.AVLTree.insert(AVLTree.java:48)
	at AvlTree.AVLTree.insert(AVLTree.java:48)
	at AvlTree.AVLTree.insert(AVLTree.java:48)
	at AvlTree.AVLTree.insert(AVLTree.java:48)
	at AvlTree.AVLTree.insert(AVLTree.java:48)
	at AvlTree.AVLTree.insert(AVLTree.java:48)
	at AvlTree.AVLTree.insert(AVLTree.java:48)
	at AvlTree.AVLTree.insert(AVLTree.java:48)
	at AvlTree.AVLTree.insert(AVLTree.java:48)
	at AvlTree.AVLTree.insert(AVLTree.java:48)
	at AvlTree.AVLTree.insert(AVLTree.java:48)
	at AvlTree.AVLTree.insert(AVLTree.java:48)
	at AvlTree.AVLTree.insert(AVLTree.java:48)
	at AvlTree.AVLTree.insert(AVLTree.java:48)
	at AvlTree.AVLTree.insert(AVLTree.java:48)
	at AvlTree.AVLTree.insert(AVLTree.java:48)
	at AvlTree.AVLTree.insert(AVLTree.java:48)
	at AvlTree.AVLTree.insert(AVLTree.java:48)
	at AvlTree.AVLTree.insert(AVLTree.java:48)
	at AvlTree.AVLTree.insert(AVLTree.java:48)
	at AvlTree.AVLTree.insert(AVLTree.java:48)
	at AvlTree.AVLTree.insert(AVLTree.java:48)
	at AvlTree.AVLTree.insert(AVLTree.java:48)
	at AvlTree.AVLTree.insert(AVLTree.java:48)
	at AvlTree.AVLTree.insert(AVLTree.java:48)
	at AvlTree.AVLTree.insert(AVLTree.java:48)
	at AvlTree.AVLTree.insert(AVLTree.java:48)
	at AvlTree.AVLTree.insert(AVLTree.java:48)
	at AvlTree.AVLTree.insert(AVLTree.java:48)
	at AvlTree.AVLTree.insert(AVLTree.java:48)
	at AvlTree.AVLTree.insert(AVLTree.java:48)
	at AvlTree.AVLTree.insert(AVLTree.java:48)
	at AvlTree.AVLTree.insert(AVLTree.java:48)
	at AvlTree.AVLTree.insert(AVLTree.java:48)
	at AvlTree.AVLTree.insert(AVLTree.java:48)
	at AvlTree.AVLTree.insert(AVLTree.java:48)
	at AvlTree.AVLTree.insert(AVLTree.java:48)
	at AvlTree.AVLTree.insert(AVLTree.java:48)
	at AvlTree.AVLTree.insert(AVLTree.java:48)
	at AvlTree.AVLTree.insert(AVLTree.java:48)
	at AvlTree.AVLTree.insert(AVLTree.java:48)
	at AvlTree.AVLTree.insert(AVLTree.java:48)
	at AvlTree.AVLTree.insert(AVLTree.java:48)
	at AvlTree.AVLTree.insert(AVLTree.java:48)
	at AvlTree.AVLTree.insert(AVLTree.java:48)
	at AvlTree.AVLTree.insert(AVLTree.java:48)
	at AvlTree.AVLTree.insert(AVLTree.java:48)
	at AvlTree.AVLTree.insert(AVLTree.java:48)
	at AvlTree.AVLTree.insert(AVLTree.java:48)
	at AvlTree.AVLTree.insert(AVLTree.java:48)
	at AvlTree.AVLTree.insert(AVLTree.java:48)
	at AvlTree.AVLTree.insert(AVLTree.java:48)
	at AvlTree.AVLTree.insert(AVLTree.java:48)
	at AvlTree.AVLTree.insert(AVLTree.java:48)
	at AvlTree.AVLTree.insert(AVLTree.java:48)
	at AvlTree.AVLTree.insert(AVLTree.java:48)
	at AvlTree.AVLTree.insert(AVLTree.java:48)
	at AvlTree.AVLTree.insert(AVLTree.java:48)
	at AvlTree.AVLTree.insert(AVLTree.java:48)
	at AvlTree.AVLTree.insert(AVLTree.java:48)
	at AvlTree.AVLTree.insert(AVLTree.java:48)
	at AvlTree.AVLTree.insert(AVLTree.java:48)
	at AvlTree.AVLTree.insert(AVLTree.java:48)
	at AvlTree.AVLTree.insert(AVLTree.java:48)
	at AvlTree.AVLTree.insert(AVLTree.java:48)
	at AvlTree.AVLTree.insert(AVLTree.java:48)
	at AvlTree.AVLTree.insert(AVLTree.java:48)
	at AvlTree.AVLTree.insert(AVLTree.java:48)
	at AvlTree.AVLTree.insert(AVLTree.java:48)
	at AvlTree.AVLTree.insert(AVLTree.java:48)
	at AvlTree.AVLTree.insert(AVLTree.java:48)
	at AvlTree.AVLTree.insert(AVLTree.java:48)
	at AvlTree.AVLTree.insert(AVLTree.java:48)
	at AvlTree.AVLTree.insert(AVLTree.java:48)
	at AvlTree.AVLTree.insert(AVLTree.java:48)
	at AvlTree.AVLTree.insert(AVLTree.java:48)
	at AvlTree.AVLTree.insert(AVLTree.java:48)
	at AvlTree.AVLTree.insert(AVLTree.java:48)
	at AvlTree.AVLTree.insert(AVLTree.java:48)
	at AvlTree.AVLTree.insert(AVLTree.java:48)
	at AvlTree.AVLTree.insert(AVLTree.java:48)
	at AvlTree.AVLTree.insert(AVLTree.java:48)
	at AvlTree.AVLTree.insert(AVLTree.java:48)
	at AvlTree.AVLTree.insert(AVLTree.java:48)
	at AvlTree.AVLTree.insert(AVLTree.java:48)
	at AvlTree.AVLTree.insert(AVLTree.java:48)
	at AvlTree.AVLTree.insert(AVLTree.java:48)
	at AvlTree.AVLTree.insert(AVLTree.java:48)
	at AvlTree.AVLTree.insert(AVLTree.java:48)
	at AvlTree.AVLTree.insert(AVLTree.java:48)
	at AvlTree.AVLTree.insert(AVLTree.java:48)
	at AvlTree.AVLTree.insert(AVLTree.java:48)
	at AvlTree.AVLTree.insert(AVLTree.java:48)
	at AvlTree.AVLTree.insert(AVLTree.java:48)
	at AvlTree.AVLTree.insert(AVLTree.java:48)
	at AvlTree.AVLTree.insert(AVLTree.java:48)
	at AvlTree.AVLTree.insert(AVLTree.java:48)
	at AvlTree.AVLTree.insert(AVLTree.java:48)
	at AvlTree.AVLTree.insert(AVLTree.java:48)
	at AvlTree.AVLTree.insert(AVLTree.java:48)
	at AvlTree.AVLTree.insert(AVLTree.java:48)
	at AvlTree.AVLTree.insert(AVLTree.java:48)
	at AvlTree.AVLTree.insert(AVLTree.java:48)
	at AvlTree.AVLTree.insert(AVLTree.java:48)
	at AvlTree.AVLTree.insert(AVLTree.java:48)
	at AvlTree.AVLTree.insert(AVLTree.java:48)
	at AvlTree.AVLTree.insert(AVLTree.java:48)
	at AvlTree.AVLTree.insert(AVLTree.java:48)
	at AvlTree.AVLTree.insert(AVLTree.java:48)
	at AvlTree.AVLTree.insert(AVLTree.java:48)
	at AvlTree.AVLTree.insert(AVLTree.java:48)
	at AvlTree.AVLTree.insert(AVLTree.java:48)
	at AvlTree.AVLTree.insert(AVLTree.java:48)
	at AvlTree.AVLTree.insert(AVLTree.java:48)
	at AvlTree.AVLTree.insert(AVLTree.java:48)
	at AvlTree.AVLTree.insert(AVLTree.java:48)
	at AvlTree.AVLTree.insert(AVLTree.java:48)
	at AvlTree.AVLTree.insert(AVLTree.java:48)
	at AvlTree.AVLTree.insert(AVLTree.java:48)
	at AvlTree.AVLTree.insert(AVLTree.java:48)
	at AvlTree.AVLTree.insert(AVLTree.java:48)
	at AvlTree.AVLTree.insert(AVLTree.java:48)
	at AvlTree.AVLTree.insert(AVLTree.java:48)
	at AvlTree.AVLTree.insert(AVLTree.java:48)
	at AvlTree.AVLTree.insert(AVLTree.java:48)
	at AvlTree.AVLTree.insert(AVLTree.java:48)
	at AvlTree.AVLTree.insert(AVLTree.java:48)
	at AvlTree.AVLTree.insert(AVLTree.java:48)
	at AvlTree.AVLTree.insert(AVLTree.java:48)
	at AvlTree.AVLTree.insert(AVLTree.java:48)
	at AvlTree.AVLTree.insert(AVLTree.java:48)
	at AvlTree.AVLTree.insert(AVLTree.java:48)
	at AvlTree.AVLTree.insert(AVLTree.java:48)
	at AvlTree.AVLTree.insert(AVLTree.java:48)
	at AvlTree.AVLTree.insert(AVLTree.java:48)
	at AvlTree.AVLTree.insert(AVLTree.java:48)
	at AvlTree.AVLTree.insert(AVLTree.java:48)
	at AvlTree.AVLTree.insert(AVLTree.java:48)
	at AvlTree.AVLTree.insert(AVLTree.java:48)
	at AvlTree.AVLTree.insert(AVLTree.java:48)
	at AvlTree.AVLTree.insert(AVLTree.java:48)
	at AvlTree.AVLTree.insert(AVLTree.java:48)
	at AvlTree.AVLTree.insert(AVLTree.java:48)
	at AvlTree.AVLTree.insert(AVLTree.java:48)
	at AvlTree.AVLTree.insert(AVLTree.java:48)
	at AvlTree.AVLTree.insert(AVLTree.java:48)
	at AvlTree.AVLTree.insert(AVLTree.java:48)
	at AvlTree.AVLTree.insert(AVLTree.java:48)
	at AvlTree.AVLTree.insert(AVLTree.java:48)
	at AvlTree.AVLTree.insert(AVLTree.java:48)
	at AvlTree.AVLTree.insert(AVLTree.java:48)
	at AvlTree.AVLTree.insert(AVLTree.java:48)
	at AvlTree.AVLTree.insert(AVLTree.java:48)
	at AvlTree.AVLTree.insert(AVLTree.java:48)
	at AvlTree.AVLTree.insert(AVLTree.java:48)
	at AvlTree.AVLTree.insert(AVLTree.java:48)
	at AvlTree.AVLTree.insert(AVLTree.java:48)
	at AvlTree.AVLTree.insert(AVLTree.java:48)
	at AvlTree.AVLTree.insert(AVLTree.java:48)
	at AvlTree.AVLTree.insert(AVLTree.java:48)
	at AvlTree.AVLTree.insert(AVLTree.java:48)
	at AvlTree.AVLTree.insert(AVLTree.java:48)
	at AvlTree.AVLTree.insert(AVLTree.java:48)
	at AvlTree.AVLTree.insert(AVLTree.java:48)
	at AvlTree.AVLTree.insert(AVLTree.java:48)
	at AvlTree.AVLTree.insert(AVLTree.java:48)
	at AvlTree.AVLTree.insert(AVLTree.java:48)
	at AvlTree.AVLTree.insert(AVLTree.java:48)
	at AvlTree.AVLTree.insert(AVLTree.java:48)
	at AvlTree.AVLTree.insert(AVLTree.java:48)
	at AvlTree.AVLTree.insert(AVLTree.java:48)
	at AvlTree.AVLTree.insert(AVLTree.java:48)
	at AvlTree.AVLTree.insert(AVLTree.java:48)
	at AvlTree.AVLTree.insert(AVLTree.java:48)
	at AvlTree.AVLTree.insert(AVLTree.java:48)
	at AvlTree.AVLTree.insert(AVLTree.java:48)
	at AvlTree.AVLTree.insert(AVLTree.java:48)
	at AvlTree.AVLTree.insert(AVLTree.java:48)
	at AvlTree.AVLTree.insert(AVLTree.java:48)
	at AvlTree.AVLTree.insert(AVLTree.java:48)
	at AvlTree.AVLTree.insert(AVLTree.java:48)
	at AvlTree.AVLTree.insert(AVLTree.java:48)
	at AvlTree.AVLTree.insert(AVLTree.java:48)
	at AvlTree.AVLTree.insert(AVLTree.java:48)
	at AvlTree.AVLTree.insert(AVLTree.java:48)
	at AvlTree.AVLTree.insert(AVLTree.java:48)
	at AvlTree.AVLTree.insert(AVLTree.java:48)
	at AvlTree.AVLTree.insert(AVLTree.java:48)
	at AvlTree.AVLTree.insert(AVLTree.java:48)
	at AvlTree.AVLTree.insert(AVLTree.java:48)
	at AvlTree.AVLTree.insert(AVLTree.java:48)
	at AvlTree.AVLTree.insert(AVLTree.java:48)
	at AvlTree.AVLTree.insert(AVLTree.java:48)
	at AvlTree.AVLTree.insert(AVLTree.java:48)
	at AvlTree.AVLTree.insert(AVLTree.java:48)
	at AvlTree.AVLTree.insert(AVLTree.java:48)
	at AvlTree.AVLTree.insert(AVLTree.java:48)
	at AvlTree.AVLTree.insert(AVLTree.java:48)
	at AvlTree.AVLTree.insert(AVLTree.java:48)
	at AvlTree.AVLTree.insert(AVLTree.java:48)
	at AvlTree.AVLTree.insert(AVLTree.java:48)
	at AvlTree.AVLTree.insert(AVLTree.java:48)
	at AvlTree.AVLTree.insert(AVLTree.java:48)
	at AvlTree.AVLTree.insert(AVLTree.java:48)
	at AvlTree.AVLTree.insert(AVLTree.java:48)
	at AvlTree.AVLTree.insert(AVLTree.java:48)
	at AvlTree.AVLTree.insert(AVLTree.java:48)
	at AvlTree.AVLTree.insert(AVLTree.java:48)
	at AvlTree.AVLTree.insert(AVLTree.java:48)
	at AvlTree.AVLTree.insert(AVLTree.java:48)
	at AvlTree.AVLTree.insert(AVLTree.java:48)
	at AvlTree.AVLTree.insert(AVLTree.java:48)
	at AvlTree.AVLTree.insert(AVLTree.java:48)
	at AvlTree.AVLTree.insert(AVLTree.java:48)
	at AvlTree.AVLTree.insert(AVLTree.java:48)
	at AvlTree.AVLTree.insert(AVLTree.java:48)
	at AvlTree.AVLTree.insert(AVLTree.java:48)
	at AvlTree.AVLTree.insert(AVLTree.java:48)
	at AvlTree.AVLTree.insert(AVLTree.java:48)
	at AvlTree.AVLTree.insert(AVLTree.java:48)
	at AvlTree.AVLTree.insert(AVLTree.java:48)
	at AvlTree.AVLTree.insert(AVLTree.java:48)
	at AvlTree.AVLTree.insert(AVLTree.java:48)
	at AvlTree.AVLTree.insert(AVLTree.java:48)
	at AvlTree.AVLTree.insert(AVLTree.java:48)
	at AvlTree.AVLTree.insert(AVLTree.java:48)
	at AvlTree.AVLTree.insert(AVLTree.java:48)
	at AvlTree.AVLTree.insert(AVLTree.java:48)
	at AvlTree.AVLTree.insert(AVLTree.java:48)
	at AvlTree.AVLTree.insert(AVLTree.java:48)
	at AvlTree.AVLTree.insert(AVLTree.java:48)
	at AvlTree.AVLTree.insert(AVLTree.java:48)
	at AvlTree.AVLTree.insert(AVLTree.java:48)
	at AvlTree.AVLTree.insert(AVLTree.java:48)
	at AvlTree.AVLTree.insert(AVLTree.java:48)
	at AvlTree.AVLTree.insert(AVLTree.java:48)
	at AvlTree.AVLTree.insert(AVLTree.java:48)
	at AvlTree.AVLTree.insert(AVLTree.java:48)
	at AvlTree.AVLTree.insert(AVLTree.java:48)
	at AvlTree.AVLTree.insert(AVLTree.java:48)
	at AvlTree.AVLTree.insert(AVLTree.java:48)
	at AvlTree.AVLTree.insert(AVLTree.java:48)
	at AvlTree.AVLTree.insert(AVLTree.java:48)
	at AvlTree.AVLTree.insert(AVLTree.java:48)
	at AvlTree.AVLTree.insert(AVLTree.java:48)
	at AvlTree.AVLTree.insert(AVLTree.java:48)
	at AvlTree.AVLTree.insert(AVLTree.java:48)
	at AvlTree.AVLTree.insert(AVLTree.java:48)
	at AvlTree.AVLTree.insert(AVLTree.java:48)
	at AvlTree.AVLTree.insert(AVLTree.java:48)
	at AvlTree.AVLTree.insert(AVLTree.java:48)
	at AvlTree.AVLTree.insert(AVLTree.java:48)
	at AvlTree.AVLTree.insert(AVLTree.java:48)
	at AvlTree.AVLTree.insert(AVLTree.java:48)
	at AvlTree.AVLTree.insert(AVLTree.java:48)
	at AvlTree.AVLTree.insert(AVLTree.java:48)
	at AvlTree.AVLTree.insert(AVLTree.java:48)
	at AvlTree.AVLTree.insert(AVLTree.java:48)
	at AvlTree.AVLTree.insert(AVLTree.java:48)
	at AvlTree.AVLTree.insert(AVLTree.java:48)
	at AvlTree.AVLTree.insert(AVLTree.java:48)
	at AvlTree.AVLTree.insert(AVLTree.java:48)
	at AvlTree.AVLTree.insert(AVLTree.java:48)
	at AvlTree.AVLTree.insert(AVLTree.java:48)
	at AvlTree.AVLTree.insert(AVLTree.java:48)
	at AvlTree.AVLTree.insert(AVLTree.java:48)
	at AvlTree.AVLTree.insert(AVLTree.java:48)
	at AvlTree.AVLTree.insert(AVLTree.java:48)
	at AvlTree.AVLTree.insert(AVLTree.java:48)
	at AvlTree.AVLTree.insert(AVLTree.java:48)
	at AvlTree.AVLTree.insert(AVLTree.java:48)
	at AvlTree.AVLTree.insert(AVLTree.java:48)
	at AvlTree.AVLTree.insert(AVLTree.java:48)
	at AvlTree.AVLTree.insert(AVLTree.java:48)
	at AvlTree.AVLTree.insert(AVLTree.java:48)
	at AvlTree.AVLTree.insert(AVLTree.java:48)
	at AvlTree.AVLTree.insert(AVLTree.java:48)
	at AvlTree.AVLTree.insert(AVLTree.java:48)
	at AvlTree.AVLTree.insert(AVLTree.java:48)
	at AvlTree.AVLTree.insert(AVLTree.java:48)
	at AvlTree.AVLTree.insert(AVLTree.java:48)
	at AvlTree.AVLTree.insert(AVLTree.java:48)
	at AvlTree.AVLTree.insert(AVLTree.java:48)
	at AvlTree.AVLTree.insert(AVLTree.java:48)
	at AvlTree.AVLTree.insert(AVLTree.java:48)
	at AvlTree.AVLTree.insert(AVLTree.java:48)
	at AvlTree.AVLTree.insert(AVLTree.java:48)
	at AvlTree.AVLTree.insert(AVLTree.java:48)
	at AvlTree.AVLTree.insert(AVLTree.java:48)
	at AvlTree.AVLTree.insert(AVLTree.java:48)
	at AvlTree.AVLTree.insert(AVLTree.java:48)
	at AvlTree.AVLTree.insert(AVLTree.java:48)
	at AvlTree.AVLTree.insert(AVLTree.java:48)
	at AvlTree.AVLTree.insert(AVLTree.java:48)
	at AvlTree.AVLTree.insert(AVLTree.java:48)
	at AvlTree.AVLTree.insert(AVLTree.java:48)
	at AvlTree.AVLTree.insert(AVLTree.java:48)
	at AvlTree.AVLTree.insert(AVLTree.java:48)
	at AvlTree.AVLTree.insert(AVLTree.java:48)
	at AvlTree.AVLTree.insert(AVLTree.java:48)
	at AvlTree.AVLTree.insert(AVLTree.java:48)
	at AvlTree.AVLTree.insert(AVLTree.java:48)
	at AvlTree.AVLTree.insert(AVLTree.java:48)
	at AvlTree.AVLTree.insert(AVLTree.java:48)
	at AvlTree.AVLTree.insert(AVLTree.java:48)
	at AvlTree.AVLTree.insert(AVLTree.java:48)
	at AvlTree.AVLTree.insert(AVLTree.java:48)
	at AvlTree.AVLTree.insert(AVLTree.java:48)
	at AvlTree.AVLTree.insert(AVLTree.java:48)
	at AvlTree.AVLTree.insert(AVLTree.java:48)
	at AvlTree.AVLTree.insert(AVLTree.java:48)
	at AvlTree.AVLTree.insert(AVLTree.java:48)
	at AvlTree.AVLTree.insert(AVLTree.java:48)
	at AvlTree.AVLTree.insert(AVLTree.java:48)
	at AvlTree.AVLTree.insert(AVLTree.java:48)
	at AvlTree.AVLTree.insert(AVLTree.java:48)
	at AvlTree.AVLTree.insert(AVLTree.java:48)
	at AvlTree.AVLTree.insert(AVLTree.java:48)
	at AvlTree.AVLTree.insert(AVLTree.java:48)
	at AvlTree.AVLTree.insert(AVLTree.java:48)
	at AvlTree.AVLTree.insert(AVLTree.java:48)
	at AvlTree.AVLTree.insert(AVLTree.java:48)
	at AvlTree.AVLTree.insert(AVLTree.java:48)
	at AvlTree.AVLTree.insert(AVLTree.java:48)
	at AvlTree.AVLTree.insert(AVLTree.java:48)
	at AvlTree.AVLTree.insert(AVLTree.java:48)
	at AvlTree.AVLTree.insert(AVLTree.java:48)
	at AvlTree.AVLTree.insert(AVLTree.java:48)
	at AvlTree.AVLTree.insert(AVLTree.java:48)
	at AvlTree.AVLTree.insert(AVLTree.java:48)
	at AvlTree.AVLTree.insert(AVLTree.java:48)
	at AvlTree.AVLTree.insert(AVLTree.java:48)
	at AvlTree.AVLTree.insert(AVLTree.java:48)
	at AvlTree.AVLTree.insert(AVLTree.java:48)
	at AvlTree.AVLTree.insert(AVLTree.java:48)
	at AvlTree.AVLTree.insert(AVLTree.java:48)
	at AvlTree.AVLTree.insert(AVLTree.java:48)
	at AvlTree.AVLTree.insert(AVLTree.java:48)
	at AvlTree.AVLTree.insert(AVLTree.java:48)
	at AvlTree.AVLTree.insert(AVLTree.java:48)
	at AvlTree.AVLTree.insert(AVLTree.java:48)
	at AvlTree.AVLTree.insert(AVLTree.java:48)
	at AvlTree.AVLTree.insert(AVLTree.java:48)
	at AvlTree.AVLTree.insert(AVLTree.java:48)
	at AvlTree.AVLTree.insert(AVLTree.java:48)
	at AvlTree.AVLTree.insert(AVLTree.java:48)
	at AvlTree.AVLTree.insert(AVLTree.java:48)
	at AvlTree.AVLTree.insert(AVLTree.java:48)
	at AvlTree.AVLTree.insert(AVLTree.java:48)
	at AvlTree.AVLTree.insert(AVLTree.java:48)
	at AvlTree.AVLTree.insert(AVLTree.java:48)
	at AvlTree.AVLTree.insert(AVLTree.java:48)
	at AvlTree.AVLTree.insert(AVLTree.java:48)
	at AvlTree.AVLTree.insert(AVLTree.java:48)
	at AvlTree.AVLTree.insert(AVLTree.java:48)
	at AvlTree.AVLTree.insert(AVLTree.java:48)
	at AvlTree.AVLTree.insert(AVLTree.java:48)
	at AvlTree.AVLTree.insert(AVLTree.java:48)
	at AvlTree.AVLTree.insert(AVLTree.java:48)
	at AvlTree.AVLTree.insert(AVLTree.java:48)
	at AvlTree.AVLTree.insert(AVLTree.java:48)
	at AvlTree.AVLTree.insert(AVLTree.java:48)
	at AvlTree.AVLTree.insert(AVLTree.java:48)
	at AvlTree.AVLTree.insert(AVLTree.java:48)
	at AvlTree.AVLTree.insert(AVLTree.java:48)
	at AvlTree.AVLTree.insert(AVLTree.java:48)
	at AvlTree.AVLTree.insert(AVLTree.java:48)
	at AvlTree.AVLTree.insert(AVLTree.java:48)
	at AvlTree.AVLTree.insert(AVLTree.java:48)
	at AvlTree.AVLTree.insert(AVLTree.java:48)
	at AvlTree.AVLTree.insert(AVLTree.java:48)
	at AvlTree.AVLTree.insert(AVLTree.java:48)
	at AvlTree.AVLTree.insert(AVLTree.java:48)
	at AvlTree.AVLTree.insert(AVLTree.java:48)
	at AvlTree.AVLTree.insert(AVLTree.java:48)
	at AvlTree.AVLTree.insert(AVLTree.java:48)
	at AvlTree.AVLTree.insert(AVLTree.java:48)
	at AvlTree.AVLTree.insert(AVLTree.java:48)
	at AvlTree.AVLTree.insert(AVLTree.java:48)
	at AvlTree.AVLTree.insert(AVLTree.java:48)
	at AvlTree.AVLTree.insert(AVLTree.java:48)
	at AvlTree.AVLTree.insert(AVLTree.java:48)
	at AvlTree.AVLTree.insert(AVLTree.java:48)
	at AvlTree.AVLTree.insert(AVLTree.java:48)
	at AvlTree.AVLTree.insert(AVLTree.java:48)
	at AvlTree.AVLTree.insert(AVLTree.java:48)
	at AvlTree.AVLTree.insert(AVLTree.java:48)
	at AvlTree.AVLTree.insert(AVLTree.java:48)
	at AvlTree.AVLTree.insert(AVLTree.java:48)
	at AvlTree.AVLTree.insert(AVLTree.java:48)
	at AvlTree.AVLTree.insert(AVLTree.java:48)
	at AvlTree.AVLTree.insert(AVLTree.java:48)
	at AvlTree.AVLTree.insert(AVLTree.java:48)
	at AvlTree.AVLTree.insert(AVLTree.java:48)
	at AvlTree.AVLTree.insert(AVLTree.java:48)
	at AvlTree.AVLTree.insert(AVLTree.java:48)
	at AvlTree.AVLTree.insert(AVLTree.java:48)
	at AvlTree.AVLTree.insert(AVLTree.java:48)
	at AvlTree.AVLTree.insert(AVLTree.java:48)
	at AvlTree.AVLTree.insert(AVLTree.java:48)
	at AvlTree.AVLTree.insert(AVLTree.java:48)
	at AvlTree.AVLTree.insert(AVLTree.java:48)
	at AvlTree.AVLTree.insert(AVLTree.java:48)
	at AvlTree.AVLTree.insert(AVLTree.java:48)
	at AvlTree.AVLTree.insert(AVLTree.java:48)
	at AvlTree.AVLTree.insert(AVLTree.java:48)
	at AvlTree.AVLTree.insert(AVLTree.java:48)
	at AvlTree.AVLTree.insert(AVLTree.java:48)
	at AvlTree.AVLTree.insert(AVLTree.java:48)
	at AvlTree.AVLTree.insert(AVLTree.java:48)
	at AvlTree.AVLTree.insert(AVLTree.java:48)
	at AvlTree.AVLTree.insert(AVLTree.java:48)
	at AvlTree.AVLTree.insert(AVLTree.java:48)
	at AvlTree.AVLTree.insert(AVLTree.java:48)
	at AvlTree.AVLTree.insert(AVLTree.java:48)
	at AvlTree.AVLTree.insert(AVLTree.java:48)
	at AvlTree.AVLTree.insert(AVLTree.java:48)
	at AvlTree.AVLTree.insert(AVLTree.java:48)
	at AvlTree.AVLTree.insert(AVLTree.java:48)
	at AvlTree.AVLTree.insert(AVLTree.java:48)
	at AvlTree.AVLTree.insert(AVLTree.java:48)
	at AvlTree.AVLTree.insert(AVLTree.java:48)
	at AvlTree.AVLTree.insert(AVLTree.java:48)
	at AvlTree.AVLTree.insert(AVLTree.java:48)
	at AvlTree.AVLTree.insert(AVLTree.java:48)
	at AvlTree.AVLTree.insert(AVLTree.java:48)
	at AvlTree.AVLTree.insert(AVLTree.java:48)
	at AvlTree.AVLTree.insert(AVLTree.java:48)
	at AvlTree.AVLTree.insert(AVLTree.java:48)
	at AvlTree.AVLTree.insert(AVLTree.java:48)
	at AvlTree.AVLTree.insert(AVLTree.java:48)
	at AvlTree.AVLTree.insert(AVLTree.java:48)
	at AvlTree.AVLTree.insert(AVLTree.java:48)
	at AvlTree.AVLTree.insert(AVLTree.java:48)
	at AvlTree.AVLTree.insert(AVLTree.java:48)
	at AvlTree.AVLTree.insert(AVLTree.java:48)
	at AvlTree.AVLTree.insert(AVLTree.java:48)
	at AvlTree.AVLTree.insert(AVLTree.java:48)
	at AvlTree.AVLTree.insert(AVLTree.java:48)
	at AvlTree.AVLTree.insert(AVLTree.java:48)
	at AvlTree.AVLTree.insert(AVLTree.java:48)
	at AvlTree.AVLTree.insert(AVLTree.java:48)
	at AvlTree.AVLTree.insert(AVLTree.java:48)
	at AvlTree.AVLTree.insert(AVLTree.java:48)
	at AvlTree.AVLTree.insert(AVLTree.java:48)
	at AvlTree.AVLTree.insert(AVLTree.java:48)
	at AvlTree.AVLTree.insert(AVLTree.java:48)
	at AvlTree.AVLTree.insert(AVLTree.java:48)
	at AvlTree.AVLTree.insert(AVLTree.java:48)
	at AvlTree.AVLTree.insert(AVLTree.java:48)
	at AvlTree.AVLTree.insert(AVLTree.java:48)
	at AvlTree.AVLTree.insert(AVLTree.java:48)
	at AvlTree.AVLTree.insert(AVLTree.java:48)
	at AvlTree.AVLTree.insert(AVLTree.java:48)
	at AvlTree.AVLTree.insert(AVLTree.java:48)
	at AvlTree.AVLTree.insert(AVLTree.java:48)
	at AvlTree.AVLTree.insert(AVLTree.java:48)
	at AvlTree.AVLTree.insert(AVLTree.java:48)
	at AvlTree.AVLTree.insert(AVLTree.java:48)
	at AvlTree.AVLTree.insert(AVLTree.java:48)
	at AvlTree.AVLTree.insert(AVLTree.java:48)
	at AvlTree.AVLTree.insert(AVLTree.java:48)
	at AvlTree.AVLTree.insert(AVLTree.java:48)
	at AvlTree.AVLTree.insert(AVLTree.java:48)
	at AvlTree.AVLTree.insert(AVLTree.java:48)
	at AvlTree.AVLTree.insert(AVLTree.java:48)
	at AvlTree.AVLTree.insert(AVLTree.java:48)
	at AvlTree.AVLTree.insert(AVLTree.java:48)
	at AvlTree.AVLTree.insert(AVLTree.java:48)
	at AvlTree.AVLTree.insert(AVLTree.java:48)
	at AvlTree.AVLTree.insert(AVLTree.java:48)
	at AvlTree.AVLTree.insert(AVLTree.java:48)
	at AvlTree.AVLTree.insert(AVLTree.java:48)
	at AvlTree.AVLTree.insert(AVLTree.java:48)
	at AvlTree.AVLTree.insert(AVLTree.java:48)
	at AvlTree.AVLTree.insert(AVLTree.java:48)
	at AvlTree.AVLTree.insert(AVLTree.java:48)
	at AvlTree.AVLTree.insert(AVLTree.java:48)
	at AvlTree.AVLTree.insert(AVLTree.java:48)
	at AvlTree.AVLTree.insert(AVLTree.java:48)

